This is pdfTeX, Version 3.14159265-2.6-1.40.21 (MiKTeX 2.9.7440 64-bit) (preloaded format=pdflatex 2020.6.9)  20 JUL 2020 21:32
entering extended mode
**c:/Users/JM/Documents/GitHub/dissertation/Thesis.tex
(c:/Users/JM/Documents/GitHub/dissertation/Thesis.tex
LaTeX2e <2020-02-02> patch level 5
L3 programming layer <2020-05-15> ("C:\Program Files\MiKTeX 2.9\tex/latex/base\report.cls"
Document Class: report 2019/12/20 v1.4l Standard LaTeX document class
("C:\Program Files\MiKTeX 2.9\tex/latex/base\size12.clo"
File: size12.clo 2019/12/20 v1.4l Standard LaTeX file (size option)
)
\c@part=\count167
\c@chapter=\count168
\c@section=\count169
\c@subsection=\count170
\c@subsubsection=\count171
\c@paragraph=\count172
\c@subparagraph=\count173
\c@figure=\count174
\c@table=\count175
\abovecaptionskip=\skip47
\belowcaptionskip=\skip48
\bibindent=\dimen134
) ("C:\Program Files\MiKTeX 2.9\tex/latex/pdfx\pdfx.sty"
Package: pdfx 2019/02/27 v1.6.3 PDF/X and PDF/A support (CVR/HTH/RRM/PS)
\pdfx@minorversion=\count176
 ("C:\Program Files\MiKTeX 2.9\tex/generic/iftex\iftex.sty"
Package: iftex 2020/03/06 v1.0d TeX engine tests
) ("C:\Program Files\MiKTeX 2.9\tex/generic/iftex\ifpdf.sty"
Package: ifpdf 2019/10/25 v3.4 ifpdf legacy package. Use iftex instead.
) ("C:\Program Files\MiKTeX 2.9\tex/generic/iftex\ifxetex.sty"
Package: ifxetex 2019/10/25 v0.7 ifxetex legacy package. Use iftex instead.
) ("C:\Program Files\MiKTeX 2.9\tex/latex/ms\everyshi.sty"
Package: everyshi 2001/05/15 v3.00 EveryShipout Package (MS)
) ("C:\Program Files\MiKTeX 2.9\tex/generic/iftex\ifluatex.sty"
Package: ifluatex 2019/10/25 v1.5 ifluatex legacy package. Use iftex instead.
){C:/Users/JM/AppData/Local/MiKTeX/2.9/pdftex/config/pdftex.map} ("C:\Program Files\MiKTeX 2.9\tex/latex/base\inputenc.sty"
Package: inputenc 2018/08/11 v1.3c Input encoding file
\inpenc@prehook=\toks15
\inpenc@posthook=\toks16
) ("C:\Program Files\MiKTeX 2.9\tex/latex/pdfx\l8u-penc.def"
File: l8u-penc.def 2017/06/23 v0.8 Custom LaTeX file, for UTF8 encoded letters and symbols
LaTeX Info: Composite with undeclared \b in encoding L8U on input line 278.
)
\pdfxsafeforxmp@toks=\toks17
 ("C:\Program Files\MiKTeX 2.9\tex/latex/xcolor\xcolor.sty"
Package: xcolor 2016/05/11 v2.12 LaTeX color extensions (UK)
 ("C:\Program Files\MiKTeX 2.9\tex/latex/graphics-cfg\color.cfg"
File: color.cfg 2016/01/02 v1.6 sample color configuration
)
Package xcolor Info: Driver file: pdftex.def on input line 225.
 ("C:\Program Files\MiKTeX 2.9\tex/latex/graphics-def\pdftex.def"
File: pdftex.def 2018/01/08 v1.0l Graphics/color driver for pdftex
)
Package xcolor Info: Model `cmy' substituted by `cmy0' on input line 1348.
Package xcolor Info: Model `hsb' substituted by `rgb' on input line 1352.
Package xcolor Info: Model `RGB' extended on input line 1364.
Package xcolor Info: Model `HTML' substituted by `rgb' on input line 1366.
Package xcolor Info: Model `Hsb' substituted by `hsb' on input line 1367.
Package xcolor Info: Model `tHsb' substituted by `hsb' on input line 1368.
Package xcolor Info: Model `HSB' substituted by `hsb' on input line 1369.
Package xcolor Info: Model `Gray' substituted by `gray' on input line 1370.
Package xcolor Info: Model `wave' substituted by `hsb' on input line 1371.
)
\pdfx@tmptoks=\toks18
 ("C:\Program Files\MiKTeX 2.9\tex/latex/hyperref\hyperref.sty"
Package: hyperref 2020-05-15 v7.00e Hypertext links for LaTeX
 ("C:\Program Files\MiKTeX 2.9\tex/generic/ltxcmds\ltxcmds.sty"
Package: ltxcmds 2019/12/15 v1.24 LaTeX kernel commands for general use (HO)
) ("C:\Program Files\MiKTeX 2.9\tex/latex/pdftexcmds\pdftexcmds.sty"
Package: pdftexcmds 2019/11/24 v0.31 Utility functions of pdfTeX for LuaTeX (HO)
 ("C:\Program Files\MiKTeX 2.9\tex/generic/infwarerr\infwarerr.sty"
Package: infwarerr 2019/12/03 v1.5 Providing info/warning/error messages (HO)
)
Package pdftexcmds Info: \pdf@primitive is available.
Package pdftexcmds Info: \pdf@ifprimitive is available.
Package pdftexcmds Info: \pdfdraftmode found.
) ("C:\Program Files\MiKTeX 2.9\tex/latex/graphics\keyval.sty"
Package: keyval 2014/10/28 v1.15 key=value parser (DPC)
\KV@toks@=\toks19
) ("C:\Program Files\MiKTeX 2.9\tex/generic/kvsetkeys\kvsetkeys.sty"
Package: kvsetkeys 2019/12/15 v1.18 Key value parser (HO)
) ("C:\Program Files\MiKTeX 2.9\tex/generic/kvdefinekeys\kvdefinekeys.sty"
Package: kvdefinekeys 2019-12-19 v1.6 Define keys (HO)
) ("C:\Program Files\MiKTeX 2.9\tex/generic/pdfescape\pdfescape.sty"
Package: pdfescape 2019/12/09 v1.15 Implements pdfTeX's escape features (HO)
) ("C:\Program Files\MiKTeX 2.9\tex/latex/hycolor\hycolor.sty"
Package: hycolor 2020-01-27 v1.10 Color options for hyperref/bookmark (HO)
) ("C:\Program Files\MiKTeX 2.9\tex/latex/letltxmacro\letltxmacro.sty"
Package: letltxmacro 2019/12/03 v1.6 Let assignment for LaTeX macros (HO)
) ("C:\Program Files\MiKTeX 2.9\tex/latex/auxhook\auxhook.sty"
Package: auxhook 2019-12-17 v1.6 Hooks for auxiliary files (HO)
) ("C:\Program Files\MiKTeX 2.9\tex/latex/kvoptions\kvoptions.sty"
Package: kvoptions 2019/11/29 v3.13 Key value format for package options (HO)
)
\@linkdim=\dimen135
\Hy@linkcounter=\count177
\Hy@pagecounter=\count178
 ("C:\Program Files\MiKTeX 2.9\tex/latex/hyperref\pd1enc.def"
File: pd1enc.def 2020-05-15 v7.00e Hyperref: PDFDocEncoding definition (HO)
) ("C:\Program Files\MiKTeX 2.9\tex/generic/intcalc\intcalc.sty"
Package: intcalc 2019/12/15 v1.3 Expandable calculations with integers (HO)
) ("C:\Program Files\MiKTeX 2.9\tex/generic/etexcmds\etexcmds.sty"
Package: etexcmds 2019/12/15 v1.7 Avoid name clashes with e-TeX commands (HO)
)
\Hy@SavedSpaceFactor=\count179
Package hyperref Info: Option `pdfa' set `true' on input line 4338.
Package hyperref Info: Hyper figures OFF on input line 4464.
Package hyperref Info: Link nesting OFF on input line 4469.
Package hyperref Info: Hyper index ON on input line 4472.
Package hyperref Info: Plain pages OFF on input line 4479.
Package hyperref Info: Backreferencing OFF on input line 4484.
Package hyperref Info: Implicit mode ON; LaTeX internals redefined.
Package hyperref Info: Bookmarks ON on input line 4717.
\c@Hy@tempcnt=\count180
 ("C:\Program Files\MiKTeX 2.9\tex/latex/url\url.sty"
\Urlmuskip=\muskip16
Package: url 2013/09/16  ver 3.4  Verb mode for urls, etc.
)
LaTeX Info: Redefining \url on input line 5076.
\XeTeXLinkMargin=\dimen136
 ("C:\Program Files\MiKTeX 2.9\tex/generic/bitset\bitset.sty"
Package: bitset 2019/12/09 v1.3 Handle bit-vector datatype (HO)
 ("C:\Program Files\MiKTeX 2.9\tex/generic/bigintcalc\bigintcalc.sty"
Package: bigintcalc 2019/12/15 v1.5 Expandable calculations on big integers (HO)
))
\Fld@menulength=\count181
\Field@Width=\dimen137
\Fld@charsize=\dimen138
Package hyperref Info: Hyper figures OFF on input line 6347.
Package hyperref Info: Link nesting OFF on input line 6352.
Package hyperref Info: Hyper index ON on input line 6355.
Package hyperref Info: backreferencing OFF on input line 6362.
Package hyperref Info: Link coloring OFF on input line 6367.
Package hyperref Info: Link coloring with OCG OFF on input line 6372.
Package hyperref Info: PDF/A mode ON on input line 6375.
LaTeX Info: Redefining \ref on input line 6417.
LaTeX Info: Redefining \pageref on input line 6421.
 ("C:\Program Files\MiKTeX 2.9\tex/generic/atbegshi\atbegshi.sty"
Package: atbegshi 2019/12/05 v1.19 At begin shipout hook (HO)
)
\Hy@abspage=\count182
\c@Item=\count183
\c@Hfootnote=\count184
)
Package hyperref Info: Driver: hpdftex.
 ("C:\Program Files\MiKTeX 2.9\tex/latex/hyperref\hpdftex.def"
File: hpdftex.def 2020-05-15 v7.00e Hyperref driver for pdfTeX
 ("C:\Program Files\MiKTeX 2.9\tex/latex/atveryend\atveryend.sty"
Package: atveryend 2019-12-11 v1.11 Hooks at the very end of document (HO)
Package atveryend Info: \enddocument detected (standard20110627).
)
\Fld@listcount=\count185
\c@bookmark@seq@number=\count186
 ("C:\Program Files\MiKTeX 2.9\tex/latex/rerunfilecheck\rerunfilecheck.sty"
Package: rerunfilecheck 2019/12/05 v1.9 Rerun checks for auxiliary files (HO)
 ("C:\Program Files\MiKTeX 2.9\tex/generic/uniquecounter\uniquecounter.sty"
Package: uniquecounter 2019/12/15 v1.4 Provide unlimited unique counter (HO)
)
Package uniquecounter Info: New unique counter `rerunfilecheck' on input line 286.
)
\Hy@SectionHShift=\skip49
)
Package hyperref Info: Option `unicode' set `true' on input line 1463.
 ("C:\Program Files\MiKTeX 2.9\tex/latex/hyperref\puenc.def"
File: puenc.def 2020-05-15 v7.00e Hyperref: PDF Unicode definition (HO)
) ("C:\Program Files\MiKTeX 2.9\tex/generic/stringenc\stringenc.sty"
Package: stringenc 2019/11/29 v1.12 Convert strings between diff. encodings (HO)
)
Package hyperref Info: Option `psdextra' set `true' on input line 1465.
 ("C:\Program Files\MiKTeX 2.9\tex/latex/hyperref\psdextra.def"
File: psdextra.def 2020-05-15 v7.00e Hyperref: Additions to PDF string support
) ("C:\Program Files\MiKTeX 2.9\tex/generic/colorprofiles\colorprofiles.sty"
Package: colorprofiles 2018/11/01 v1.0.1 color profiles for PDF/X and PDF/A support
 ("C:\Program Files\MiKTeX 2.9\tex/generic/colorprofiles\colorprofiles.tex")) ("C:\Program Files\MiKTeX 2.9\tex/generic/stringenc\se-pdfdoc.def"
File: se-pdfdoc.def 2019/11/29 v1.12 stringenc: PDFDocEncoding
) ("C:\Program Files\MiKTeX 2.9\tex/latex/pdfx\AdobeColorProfiles.tex") ("C:\Program Files\MiKTeX 2.9\tex/latex/pdfx\8bit.def"
File: 8bit.def 2008/03/30 v1.1d Input encoding file
)
** pdfx: Metadata file Thesis.xmpdata read successfully.
(Thesis.xmpdata)<<sRGB.icc>> ("C:\Program Files\MiKTeX 2.9\tex/latex/pdfx\8bit.def"
File: 8bit.def 2008/03/30 v1.1d Input encoding file
) ("C:\Program Files\MiKTeX 2.9\tex/latex/pdfx\8bit.def"
File: 8bit.def 2008/03/30 v1.1d Input encoding file
) ("C:\Program Files\MiKTeX 2.9\tex/generic/stringenc\se-utf8.def"
File: se-utf8.def 2019/11/29 v1.12 stringenc: UTF-8
) ("C:\Program Files\MiKTeX 2.9\tex/latex/pdfx\8bit.def"
File: 8bit.def 2008/03/30 v1.1d Input encoding file
)
Package hyperref Info: Option `unicode' set `true' on input line 2411.
Package hyperref Info: Option `unicode' set `true' on input line 2412.
 ("C:\Program Files\MiKTeX 2.9\tex/latex/pdfx\8bit.def"
File: 8bit.def 2008/03/30 v1.1d Input encoding file
) ("C:\Program Files\MiKTeX 2.9\tex/latex/pdfx\8bit.def"
File: 8bit.def 2008/03/30 v1.1d Input encoding file
) ("C:\Program Files\MiKTeX 2.9\tex/generic/pdftex\glyphtounicode.tex") ("C:\Program Files\MiKTeX 2.9\tex/latex/pdfx\glyphtounicode-cmr.tex") ("C:\Program Files\MiKTeX 2.9\tex/latex/pdfx\glyphtounicode-ntx.tex") ("C:\Program Files\MiKTeX 2.9\tex/latex/base\ifthen.sty"
Package: ifthen 2014/09/29 v1.1c Standard LaTeX ifthen package (DPC)
) ("C:\Program Files\MiKTeX 2.9\tex/latex/xmpincl\xmpincl.sty"
Package: xmpincl 2008/05/10 v2.2 Include XMP data in pdflatex
) ("C:\Program Files\MiKTeX 2.9\tex/latex/pdfx\8bit.def"
File: 8bit.def 2008/03/30 v1.1d Input encoding file
)
Using XMP template file: pdfa.xmp
\xmpinclWrite=\write3
\xmpinclRead=\read2
\openout3 = `pdfa.xmpi'.

<<pdfa.xmpi>>) ("C:\Program Files\MiKTeX 2.9\tex/latex/base\inputenc.sty"
Package: inputenc 2018/08/11 v1.3c Input encoding file
 ("C:\Program Files\MiKTeX 2.9\tex/latex/base\cp1250.def"
File: cp1250.def 2018/08/11 v1.3c Input encoding file
)) ("C:\Program Files\MiKTeX 2.9\tex/latex/lm\lmodern.sty"
Package: lmodern 2009/10/30 v1.6 Latin Modern Fonts
LaTeX Font Info:    Overwriting symbol font `operators' in version `normal'
(Font)                  OT1/cmr/m/n --> OT1/lmr/m/n on input line 22.
LaTeX Font Info:    Overwriting symbol font `letters' in version `normal'
(Font)                  OML/cmm/m/it --> OML/lmm/m/it on input line 23.
LaTeX Font Info:    Overwriting symbol font `symbols' in version `normal'
(Font)                  OMS/cmsy/m/n --> OMS/lmsy/m/n on input line 24.
LaTeX Font Info:    Overwriting symbol font `largesymbols' in version `normal'
(Font)                  OMX/cmex/m/n --> OMX/lmex/m/n on input line 25.
LaTeX Font Info:    Overwriting symbol font `operators' in version `bold'
(Font)                  OT1/cmr/bx/n --> OT1/lmr/bx/n on input line 26.
LaTeX Font Info:    Overwriting symbol font `letters' in version `bold'
(Font)                  OML/cmm/b/it --> OML/lmm/b/it on input line 27.
LaTeX Font Info:    Overwriting symbol font `symbols' in version `bold'
(Font)                  OMS/cmsy/b/n --> OMS/lmsy/b/n on input line 28.
LaTeX Font Info:    Overwriting symbol font `largesymbols' in version `bold'
(Font)                  OMX/cmex/m/n --> OMX/lmex/m/n on input line 29.
LaTeX Font Info:    Overwriting math alphabet `\mathbf' in version `normal'
(Font)                  OT1/cmr/bx/n --> OT1/lmr/bx/n on input line 31.
LaTeX Font Info:    Overwriting math alphabet `\mathsf' in version `normal'
(Font)                  OT1/cmss/m/n --> OT1/lmss/m/n on input line 32.
LaTeX Font Info:    Overwriting math alphabet `\mathit' in version `normal'
(Font)                  OT1/cmr/m/it --> OT1/lmr/m/it on input line 33.
LaTeX Font Info:    Overwriting math alphabet `\mathtt' in version `normal'
(Font)                  OT1/cmtt/m/n --> OT1/lmtt/m/n on input line 34.
LaTeX Font Info:    Overwriting math alphabet `\mathbf' in version `bold'
(Font)                  OT1/cmr/bx/n --> OT1/lmr/bx/n on input line 35.
LaTeX Font Info:    Overwriting math alphabet `\mathsf' in version `bold'
(Font)                  OT1/cmss/bx/n --> OT1/lmss/bx/n on input line 36.
LaTeX Font Info:    Overwriting math alphabet `\mathit' in version `bold'
(Font)                  OT1/cmr/bx/it --> OT1/lmr/bx/it on input line 37.
LaTeX Font Info:    Overwriting math alphabet `\mathtt' in version `bold'
(Font)                  OT1/cmtt/m/n --> OT1/lmtt/m/n on input line 38.
) ("C:\Program Files\MiKTeX 2.9\tex/latex/base\fontenc.sty"
Package: fontenc 2020/02/11 v2.0o Standard LaTeX package
LaTeX Font Info:    Trying to load font information for T1+lmr on input line 112.
 ("C:\Program Files\MiKTeX 2.9\tex/latex/lm\t1lmr.fd"
File: t1lmr.fd 2009/10/30 v1.6 Font defs for Latin Modern
)) ("C:\Program Files\MiKTeX 2.9\tex/latex/base\textcomp.sty"
Package: textcomp 2020/02/02 v2.0n Standard LaTeX package
) (Styles/Head.sty) (Styles/Mystyle.sty ("C:\Program Files\MiKTeX 2.9\tex/latex/fancyhdr\fancyhdr.sty"
Package: fancyhdr 2019/01/31 v3.10 Extensive control of page headers and footers
\f@nch@headwidth=\skip50
\f@nch@O@elh=\skip51
\f@nch@O@erh=\skip52
\f@nch@O@olh=\skip53
\f@nch@O@orh=\skip54
\f@nch@O@elf=\skip55
\f@nch@O@erf=\skip56
\f@nch@O@olf=\skip57
\f@nch@O@orf=\skip58
) ("C:\Program Files\MiKTeX 2.9\tex/latex/amsmath\amsmath.sty"
Package: amsmath 2020/01/20 v2.17e AMS math features
\@mathmargin=\skip59

For additional information on amsmath, use the `?' option.
("C:\Program Files\MiKTeX 2.9\tex/latex/amsmath\amstext.sty"
Package: amstext 2000/06/29 v2.01 AMS text
 ("C:\Program Files\MiKTeX 2.9\tex/latex/amsmath\amsgen.sty"
File: amsgen.sty 1999/11/30 v2.0 generic functions
\@emptytoks=\toks20
\ex@=\dimen139
)) ("C:\Program Files\MiKTeX 2.9\tex/latex/amsmath\amsbsy.sty"
Package: amsbsy 1999/11/29 v1.2d Bold Symbols
\pmbraise@=\dimen140
) ("C:\Program Files\MiKTeX 2.9\tex/latex/amsmath\amsopn.sty"
Package: amsopn 2016/03/08 v2.02 operator names
)
\inf@bad=\count187
LaTeX Info: Redefining \frac on input line 227.
\uproot@=\count188
\leftroot@=\count189
LaTeX Info: Redefining \overline on input line 389.
\classnum@=\count190
\DOTSCASE@=\count191
LaTeX Info: Redefining \ldots on input line 486.
LaTeX Info: Redefining \dots on input line 489.
LaTeX Info: Redefining \cdots on input line 610.
\Mathstrutbox@=\box45
\strutbox@=\box46
\big@size=\dimen141
LaTeX Font Info:    Redeclaring font encoding OML on input line 733.
LaTeX Font Info:    Redeclaring font encoding OMS on input line 734.
\macc@depth=\count192
\c@MaxMatrixCols=\count193
\dotsspace@=\muskip17
\c@parentequation=\count194
\dspbrk@lvl=\count195
\tag@help=\toks21
\row@=\count196
\column@=\count197
\maxfields@=\count198
\andhelp@=\toks22
\eqnshift@=\dimen142
\alignsep@=\dimen143
\tagshift@=\dimen144
\tagwidth@=\dimen145
\totwidth@=\dimen146
\lineht@=\dimen147
\@envbody=\toks23
\multlinegap=\skip60
\multlinetaggap=\skip61
\mathdisplay@stack=\toks24
LaTeX Info: Redefining \[ on input line 2859.
LaTeX Info: Redefining \] on input line 2860.
) ("C:\Program Files\MiKTeX 2.9\tex/latex/amscls\amsthm.sty"
Package: amsthm 2017/10/31 v2.20.4
\thm@style=\toks25
\thm@bodyfont=\toks26
\thm@headfont=\toks27
\thm@notefont=\toks28
\thm@headpunct=\toks29
\thm@preskip=\skip62
\thm@postskip=\skip63
\thm@headsep=\skip64
\dth@everypar=\toks30
) ("C:\Program Files\MiKTeX 2.9\tex/latex/amsfonts\amssymb.sty"
Package: amssymb 2013/01/14 v3.01 AMS font symbols
 ("C:\Program Files\MiKTeX 2.9\tex/latex/amsfonts\amsfonts.sty"
Package: amsfonts 2013/01/14 v3.01 Basic AMSFonts support
\symAMSa=\mathgroup4
\symAMSb=\mathgroup5
LaTeX Font Info:    Redeclaring math symbol \hbar on input line 98.
LaTeX Font Info:    Overwriting math alphabet `\mathfrak' in version `bold'
(Font)                  U/euf/m/n --> U/euf/b/n on input line 106.
)) ("C:\Program Files\MiKTeX 2.9\tex/latex/base\latexsym.sty"
Package: latexsym 1998/08/17 v2.2e Standard LaTeX package (lasy symbols)
\symlasy=\mathgroup6
LaTeX Font Info:    Overwriting symbol font `lasy' in version `bold'
(Font)                  U/lasy/m/n --> U/lasy/b/n on input line 52.
) ("C:\Program Files\MiKTeX 2.9\tex/latex/graphics\graphicx.sty"
Package: graphicx 2019/11/30 v1.2a Enhanced LaTeX Graphics (DPC,SPQR)
 ("C:\Program Files\MiKTeX 2.9\tex/latex/graphics\graphics.sty"
Package: graphics 2019/11/30 v1.4a Standard LaTeX Graphics (DPC,SPQR)
 ("C:\Program Files\MiKTeX 2.9\tex/latex/graphics\trig.sty"
Package: trig 2016/01/03 v1.10 sin cos tan (DPC)
) ("C:\Program Files\MiKTeX 2.9\tex/latex/graphics-cfg\graphics.cfg"
File: graphics.cfg 2016/06/04 v1.11 sample graphics configuration
)
Package graphics Info: Driver file: pdftex.def on input line 105.
)
\Gin@req@height=\dimen148
\Gin@req@width=\dimen149
) ("C:\Program Files\MiKTeX 2.9\tex/latex/acronym\acronym.sty"
Package: acronym 2020/04/17 v1.47 Support for acronyms (Tobias Oetiker)
 ("C:\Program Files\MiKTeX 2.9\tex/latex/bigfoot\suffix.sty"
Package: suffix 2006/07/15 1.5a Variant command support
) ("C:\Program Files\MiKTeX 2.9\tex/latex/xstring\xstring.sty" ("C:\Program Files\MiKTeX 2.9\tex/generic/xstring\xstring.tex"
\integerpart=\count199
\decimalpart=\count266
)
Package: xstring 2019/02/06 v1.83 String manipulations (CT)
) ("C:\Program Files\MiKTeX 2.9\tex/latex/relsize\relsize.sty"
Package: relsize 2013/03/29 ver 4.1
)
\AC@clearlist=\toks31
) ("C:\Program Files\MiKTeX 2.9\tex/latex/float\float.sty"
Package: float 2001/11/08 v1.3d Float enhancements (AL)
\c@float@type=\count267
\float@exts=\toks32
\float@box=\box47
\@float@everytoks=\toks33
\@floatcapt=\box48
) (picins.sty Option `picins' Version 3.0 Sep. 1992, TH Darmstadt/HRZ
\@BILD=\box49
\@TEXT=\box50
\d@breite=\dimen150
\d@hoehe=\dimen151
\d@xoff=\dimen152
\d@yoff=\dimen153
\d@shad=\dimen154
\d@dash=\dimen155
\d@boxl=\dimen156
\d@pichskip=\dimen157
\d@tmp=\dimen158
\d@tmpa=\dimen159
\d@bskip=\dimen160
\hsiz@=\dimen161
\p@getot@l=\dimen162
\c@breite=\count268
\c@hoehe=\count269
\c@xoff=\count270
\c@yoff=\count271
\c@pos=\count272
\c@shad=\count273
\c@dash=\count274
\c@boxl=\count275
\c@zeilen=\count276
\@changemode=\count277
\c@piccaption=\count278
\c@piccaptionpos=\count279
\c@picpos=\count280
\c@whole=\count281
\c@half=\count282
\c@tmp=\count283
\c@tmpa=\count284
\c@tmpb=\count285
\c@tmpc=\count286
\c@tmpd=\count287
\d@leftskip=\skip65
\ptoti=\dimen163
\ptotii=\dimen164
\env@box=\box51
\d@envdp=\dimen165
\c@hsize=\count288
\c@envdp=\count289
\d@envb=\dimen166
) ("C:\Program Files\MiKTeX 2.9\tex/latex/caption\caption.sty"
Package: caption 2020/05/10 v3.4j Customizing captions (AR)
 ("C:\Program Files\MiKTeX 2.9\tex/latex/caption\caption3.sty"
Package: caption3 2020/05/10 v1.11 caption3 kernel (AR)
Package caption3 Info: TeX engine: e-TeX on input line 61.
\captionmargin=\dimen167
\captionmargin@=\dimen168
\captionwidth=\dimen169
\caption@tempdima=\dimen170
\caption@indent=\dimen171
\caption@parindent=\dimen172
\caption@hangindent=\dimen173
Package caption Info: Standard document class detected.
)
\c@caption@flags=\count290
\c@continuedfloat=\count291
Package caption Info: float package is loaded.
Package caption Info: hyperref package is loaded.
Package caption Info: picins package is loaded.
) ("C:\Program Files\MiKTeX 2.9\tex/latex/caption\subcaption.sty"
Package: subcaption 2020/01/22 v1.3d Sub-captions (AR)
\c@subfigure=\count292
\c@subtable=\count293
) ("C:\Program Files\MiKTeX 2.9\tex/latex/sectsty\sectsty.sty"
Package: sectsty 2002/02/25 v2.0.2 Commands to change all sectional heading styles


LaTeX Warning: Command \underbar  has changed.
               Check if current package is valid.


LaTeX Warning: Command \underline  has changed.
               Check if current package is valid.

) ("C:\Program Files\MiKTeX 2.9\tex/latex/boxedminipage\boxedminipage.sty"
Package: boxedminipage 2020/04/19 v1.1 Boxed LaTeX2e minipages
\bmp@box=\box52
\bmp@width=\skip66
\bmp@height=\skip67
) ("C:\Program Files\MiKTeX 2.9\tex/latex/booktabs\booktabs.sty"
Package: booktabs 2020/01/12 v1.61803398 Publication quality tables
\heavyrulewidth=\dimen174
\lightrulewidth=\dimen175
\cmidrulewidth=\dimen176
\belowrulesep=\dimen177
\belowbottomsep=\dimen178
\aboverulesep=\dimen179
\abovetopsep=\dimen180
\cmidrulesep=\dimen181
\cmidrulekern=\dimen182
\defaultaddspace=\dimen183
\@cmidla=\count294
\@cmidlb=\count295
\@aboverulesep=\dimen184
\@belowrulesep=\dimen185
\@thisruleclass=\count296
\@lastruleclass=\count297
\@thisrulewidth=\dimen186
) ("C:\Program Files\MiKTeX 2.9\tex/latex/tools\enumerate.sty"
Package: enumerate 2015/07/23 v3.00 enumerate extensions (DPC)
\@enLab=\toks34
) ("C:\Program Files\MiKTeX 2.9\tex/latex/enumitem\enumitem.sty"
Package: enumitem 2019/06/20 v3.9 Customized lists
\labelindent=\skip68
\enit@outerparindent=\dimen187
\enit@toks=\toks35
\enit@inbox=\box53
\enit@count@id=\count298
\enitdp@description=\count299
) ("C:\Program Files\MiKTeX 2.9\tex/latex/sidecap\sidecap.sty"
Package: sidecap 2003/06/06 v1.6f SideCap Package (RN/HjG)
\SC@BOXWD=\dimen188
\SC@CAPWD=\dimen189
\SC@tempdima=\dimen190
\SC@tempdimb=\dimen191
\c@SC@C=\count300
\SC@BOX=\box54
) ("C:\Program Files\MiKTeX 2.9\tex/latex/wrapfig\wrapfig.sty"
\wrapoverhang=\dimen192
\WF@size=\dimen193
\c@WF@wrappedlines=\count301
\WF@box=\box55
\WF@everypar=\toks36
Package: wrapfig 2003/01/31  v 3.6
) ("C:\Program Files\MiKTeX 2.9\tex/latex/setspace\setspace.sty"
Package: setspace 2011/12/19 v6.7a set line spacing
) ("C:\Program Files\MiKTeX 2.9\tex/latex/graphics\lscape.sty"
Package: lscape 2000/10/22 v3.01 Landscape Pages (DPC)
) ("C:\Program Files\MiKTeX 2.9\tex/latex/totpages\totpages.sty"
Package: totpages 2005/09/19 v2.00 Totpages Package (muewi)
) ("C:\Program Files\MiKTeX 2.9\tex/latex/graphics\rotating.sty"
Package: rotating 2016/08/11 v2.16d rotated objects in LaTeX
\c@r@tfl@t=\count302
\rotFPtop=\skip69
\rotFPbot=\skip70
\rot@float@box=\box56
\rot@mess@toks=\toks37
) ("C:\Program Files\MiKTeX 2.9\tex/latex/appendix\appendix.sty"
Package: appendix 2020/02/08 v1.2c extra appendix facilities
\c@@pps=\count303
\c@@ppsavesec=\count304
\c@@ppsaveapp=\count305
) ("C:\Program Files\MiKTeX 2.9\tex/latex/multirow\multirow.sty"
Package: multirow 2019/05/31 v2.5 Span multiple rows of a table
\multirow@colwidth=\skip71
\multirow@cntb=\count306
\multirow@dima=\skip72
\bigstrutjot=\dimen194
) ("C:\Program Files\MiKTeX 2.9\tex/latex/colortbl\colortbl.sty"
Package: colortbl 2020/01/04 v1.0e Color table columns (DPC)
 ("C:\Program Files\MiKTeX 2.9\tex/latex/tools\array.sty"
Package: array 2019/08/31 v2.4l Tabular extension package (FMi)
\col@sep=\dimen195
\ar@mcellbox=\box57
\extrarowheight=\dimen196
\NC@list=\toks38
\extratabsurround=\skip73
\backup@length=\skip74
\ar@cellbox=\box58
)
\everycr=\toks39
\minrowclearance=\skip75
) ("C:\Program Files\MiKTeX 2.9\tex/latex/threeparttable\threeparttable.sty"
Package: threeparttable 2003/06/13  v 3.0
\@tempboxb=\box59
) ("C:\Program Files\MiKTeX 2.9\tex/latex/tools\longtable.sty"
Package: longtable 2020/01/07 v4.13 Multi-page Table package (DPC)
\LTleft=\skip76
\LTright=\skip77
\LTpre=\skip78
\LTpost=\skip79
\LTchunksize=\count307
\LTcapwidth=\dimen197
\LT@head=\box60
\LT@firsthead=\box61
\LT@foot=\box62
\LT@lastfoot=\box63
\LT@cols=\count308
\LT@rows=\count309
\c@LT@tables=\count310
\c@LT@chunks=\count311
\LT@p@ftn=\toks40
) ("C:\Program Files\MiKTeX 2.9\tex/latex/tools\tabularx.sty"
Package: tabularx 2020/01/15 v2.11c `tabularx' package (DPC)
\TX@col@width=\dimen198
\TX@old@table=\dimen199
\TX@old@col=\dimen256
\TX@target=\dimen257
\TX@delta=\dimen258
\TX@cols=\count312
\TX@ftn=\toks41
)
Package hyperref Info: Option `colorlinks' set `false' on input line 41.
Package hyperref Info: Option `breaklinks' set `false' on input line 41.
Package hyperref Info: Option `unicode' set `true' on input line 41.
Package hyperref Info: Option `bookmarksnumbered' set `true' on input line 41.
 ("C:\Program Files\MiKTeX 2.9\tex/latex/geometry\geometry.sty"
Package: geometry 2020/01/02 v5.9 Page Geometry
 ("C:\Program Files\MiKTeX 2.9\tex/generic/iftex\ifvtex.sty"
Package: ifvtex 2019/10/25 v1.7 ifvtex legacy package. Use iftex instead.
)
\Gm@cnth=\count313
\Gm@cntv=\count314
\c@Gm@tempcnt=\count315
\Gm@bindingoffset=\dimen259
\Gm@wd@mp=\dimen260
\Gm@odd@mp=\dimen261
\Gm@even@mp=\dimen262
\Gm@layoutwidth=\dimen263
\Gm@layoutheight=\dimen264
\Gm@layouthoffset=\dimen265
\Gm@layoutvoffset=\dimen266
\Gm@dimlist=\toks42
 ("C:\Program Files\MiKTeX 2.9\tex/latex/geometry\geometry.cfg"))
\c@defin=\count316
\c@ass=\count317
\c@prop=\count318
\c@lemma=\count319
\c@exam=\count320
\c@Listi=\count321
\c@Lista=\count322
 ("C:\Program Files\MiKTeX 2.9\tex/latex/fancybox\fancybox.sty"
Package: fancybox 2010/05/15 1.4

Style option: `fancybox' v1.4 <2010/05/15> (tvz)
\@fancybox=\box64
\shadowsize=\dimen267
\@Sbox=\box65
\do@VerbBox=\toks43
\the@fancyput=\toks44
\this@fancyput=\toks45
\EndVerbatimTokens=\toks46
\Verbatim@Outfile=\write4
\Verbatim@Infile=\read3
) ("C:\Program Files\MiKTeX 2.9\tex/latex/tools\verbatim.sty"
Package: verbatim 2019/11/10 v1.5r LaTeX2e package for verbatim enhancements
\every@verbatim=\toks47
\verbatim@line=\toks48
\verbatim@in@stream=\read4
)) ("C:\Program Files\MiKTeX 2.9\tex/latex/biblatex\biblatex.sty"
Package: biblatex 2019/12/01 v3.14 programmable bibliographies (PK/MW)
 ("C:\Program Files\MiKTeX 2.9\tex/latex/etoolbox\etoolbox.sty"
Package: etoolbox 2019/09/21 v2.5h e-TeX tools for LaTeX (JAW)
\etb@tempcnta=\count323
) ("C:\Program Files\MiKTeX 2.9\tex/latex/logreq\logreq.sty"
Package: logreq 2010/08/04 v1.0 xml request logger
\lrq@indent=\count324
 ("C:\Program Files\MiKTeX 2.9\tex/latex/logreq\logreq.def"
File: logreq.def 2010/08/04 v1.0 logreq spec v1.0
))
\c@tabx@nest=\count325
\c@listtotal=\count326
\c@listcount=\count327
\c@liststart=\count328
\c@liststop=\count329
\c@citecount=\count330
\c@citetotal=\count331
\c@multicitecount=\count332
\c@multicitetotal=\count333
\c@instcount=\count334
\c@maxnames=\count335
\c@minnames=\count336
\c@maxitems=\count337
\c@minitems=\count338
\c@citecounter=\count339
\c@maxcitecounter=\count340
\c@savedcitecounter=\count341
\c@uniquelist=\count342
\c@uniquename=\count343
\c@refsection=\count344
\c@refsegment=\count345
\c@maxextratitle=\count346
\c@maxextratitleyear=\count347
\c@maxextraname=\count348
\c@maxextradate=\count349
\c@maxextraalpha=\count350
\c@abbrvpenalty=\count351
\c@highnamepenalty=\count352
\c@lownamepenalty=\count353
\c@maxparens=\count354
\c@parenlevel=\count355
\blx@tempcnta=\count356
\blx@tempcntb=\count357
\blx@tempcntc=\count358
\blx@maxsection=\count359
\blx@maxsegment@0=\count360
\blx@notetype=\count361
\blx@parenlevel@text=\count362
\blx@parenlevel@foot=\count363
\blx@sectionciteorder@0=\count364
\blx@entrysetcounter=\count365
\labelnumberwidth=\skip80
\labelalphawidth=\skip81
\biblabelsep=\skip82
\bibitemsep=\skip83
\bibnamesep=\skip84
\bibinitsep=\skip85
\bibparsep=\skip86
\bibhang=\skip87
\blx@bcfin=\read5
\blx@bcfout=\write5
\blx@langwohyphens=\language82
\c@mincomprange=\count366
\c@maxcomprange=\count367
\c@mincompwidth=\count368
Package biblatex Info: Trying to load biblatex default data model...
Package biblatex Info: ... file 'blx-dm.def' found.
 ("C:\Program Files\MiKTeX 2.9\tex/latex/biblatex\blx-dm.def"
File: blx-dm.def 2019/12/01 v3.14 biblatex localization (PK/MW)
)
Package biblatex Info: Trying to load biblatex style data model...
Package biblatex Info: ... file 'apa.dbx' found.
 ("C:\Program Files\MiKTeX 2.9\tex/latex/biblatex-apa\apa.dbx"
File: apa.dbx 2020/04/08 v9.9 APA biblatex style data model
)
Package biblatex Info: Trying to load biblatex custom data model...
Package biblatex Info: ... file 'biblatex-dm.cfg' not found.
\c@afterword=\count369
\c@savedafterword=\count370
\c@annotator=\count371
\c@savedannotator=\count372
\c@author=\count373
\c@savedauthor=\count374
\c@bookauthor=\count375
\c@savedbookauthor=\count376
\c@commentator=\count377
\c@savedcommentator=\count378
\c@editor=\count379
\c@savededitor=\count380
\c@editora=\count381
\c@savededitora=\count382
\c@editorb=\count383
\c@savededitorb=\count384
\c@editorc=\count385
\c@savededitorc=\count386
\c@foreword=\count387
\c@savedforeword=\count388
\c@holder=\count389
\c@savedholder=\count390
\c@introduction=\count391
\c@savedintroduction=\count392
\c@namea=\count393
\c@savednamea=\count394
\c@nameb=\count395
\c@savednameb=\count396
\c@namec=\count397
\c@savednamec=\count398
\c@translator=\count399
\c@savedtranslator=\count400
\c@shortauthor=\count401
\c@savedshortauthor=\count402
\c@shorteditor=\count403
\c@savedshorteditor=\count404
\c@groupauthor=\count405
\c@savedgroupauthor=\count406
\c@narrator=\count407
\c@savednarrator=\count408
\c@execproducer=\count409
\c@savedexecproducer=\count410
\c@execdirector=\count411
\c@savedexecdirector=\count412
\c@with=\count413
\c@savedwith=\count414
\c@labelname=\count415
\c@savedlabelname=\count416
\c@institution=\count417
\c@savedinstitution=\count418
\c@lista=\count419
\c@savedlista=\count420
\c@listb=\count421
\c@savedlistb=\count422
\c@listc=\count423
\c@savedlistc=\count424
\c@listd=\count425
\c@savedlistd=\count426
\c@liste=\count427
\c@savedliste=\count428
\c@listf=\count429
\c@savedlistf=\count430
\c@location=\count431
\c@savedlocation=\count432
\c@organization=\count433
\c@savedorganization=\count434
\c@origlocation=\count435
\c@savedoriglocation=\count436
\c@origpublisher=\count437
\c@savedorigpublisher=\count438
\c@publisher=\count439
\c@savedpublisher=\count440
\c@language=\count441
\c@savedlanguage=\count442
\c@origlanguage=\count443
\c@savedoriglanguage=\count444
\c@citation=\count445
\c@savedcitation=\count446
\c@pageref=\count447
\c@savedpageref=\count448
\shorthandwidth=\skip88
\shortjournalwidth=\skip89
\shortserieswidth=\skip90
\shorttitlewidth=\skip91
\shortauthorwidth=\skip92
\shorteditorwidth=\skip93
\locallabelnumberwidth=\skip94
\locallabelalphawidth=\skip95
\localshorthandwidth=\skip96
\localshortjournalwidth=\skip97
\localshortserieswidth=\skip98
\localshorttitlewidth=\skip99
\localshortauthorwidth=\skip100
\localshorteditorwidth=\skip101
Package biblatex Info: Trying to load compatibility code...
Package biblatex Info: ... file 'blx-compat.def' found.
 ("C:\Program Files\MiKTeX 2.9\tex/latex/biblatex\blx-compat.def"
File: blx-compat.def 2019/12/01 v3.14 biblatex compatibility (PK/MW)
)
Package biblatex Info: Trying to load generic definitions...
Package biblatex Info: ... file 'biblatex.def' found.
 ("C:\Program Files\MiKTeX 2.9\tex/latex/biblatex\biblatex.def"
File: biblatex.def 2019/12/01 v3.14 biblatex compatibility (PK/MW)
\c@textcitecount=\count449
\c@textcitetotal=\count450
\c@textcitemaxnames=\count451
\c@biburlbigbreakpenalty=\count452
\c@biburlbreakpenalty=\count453
\c@biburlnumpenalty=\count454
\c@biburlucpenalty=\count455
\c@biburllcpenalty=\count456
\biburlbigskip=\muskip18
\biburlnumskip=\muskip19
\biburlucskip=\muskip20
\biburllcskip=\muskip21
\c@smartand=\count457
)
Package biblatex Info: Trying to load bibliography style 'apa'...
Package biblatex Info: ... file 'apa.bbx' found.
 ("C:\Program Files\MiKTeX 2.9\tex/latex/biblatex-apa\apa.bbx"
File: apa.bbx 2020/04/08 v9.9 APA biblatex references style
Package biblatex Info: Trying to load bibliography style 'standard'...
Package biblatex Info: ... file 'standard.bbx' found.
 ("C:\Program Files\MiKTeX 2.9\tex/latex/biblatex/bbx\standard.bbx"
File: standard.bbx 2019/12/01 v3.14 biblatex bibliography style (PK/MW)
\c@bbx:relatedcount=\count458
\c@bbx:relatedtotal=\count459
))
Package biblatex Info: Trying to load citation style 'apa'...
Package biblatex Info: ... file 'apa.cbx' found.
 ("C:\Program Files\MiKTeX 2.9\tex/latex/biblatex-apa\apa.cbx"
File: apa.cbx 2020/04/08 v9.9 APA biblatex citation style
Package biblatex Info: Delimiter 'nameyeardelim' in context '' already defined, overwriting.
Package biblatex Info: Delimiter 'nameyeardelim' in context 'textcite' already defined, overwriting.
Package biblatex Info: Delimiter 'andothersdelim' in context '' already defined, overwriting.
Package biblatex Info: Redefining '\parencite'.
Package biblatex Info: Redefining '\fullcite'.
Package biblatex Info: Redefining '\citeyear'.
Package biblatex Info: Redefining '\cite'.
Package biblatex Info: Redefining '\footcite'.
Package biblatex Info: Redefining '\textcites'.
Package biblatex Info: Redefining '\cites'.
Package biblatex Info: Redefining '\parencites'.
Package biblatex Info: Redefining '\footcites'.
Package biblatex Info: Redefining '\footcitetexts'.
Package biblatex Info: Redefining '\smartcites'.
Package biblatex Info: Redefining '\textcite'.
Package biblatex Info: Redefining '\citeauthor'.
)
Package biblatex Info: Trying to load configuration file...
Package biblatex Info: ... file 'biblatex.cfg' found.
 ("C:\Program Files\MiKTeX 2.9\tex/latex/biblatex\biblatex.cfg"
File: biblatex.cfg 
))
\@quotelevel=\count460
\@quotereset=\count461
 ("C:\Program Files\MiKTeX 2.9\tex/latex/l3backend\l3backend-pdfmode.def"
File: l3backend-pdfmode.def 2020-05-05 L3 backend support: PDF mode
\l__kernel_color_stack_int=\count462
\l__pdf_internal_box=\box66
) (Thesis.aux)
\openout1 = `Thesis.aux'.

LaTeX Font Info:    Checking defaults for OML/cmm/m/it on input line 84.
LaTeX Font Info:    ... okay on input line 84.
LaTeX Font Info:    Checking defaults for OMS/cmsy/m/n on input line 84.
LaTeX Font Info:    ... okay on input line 84.
LaTeX Font Info:    Checking defaults for OT1/cmr/m/n on input line 84.
LaTeX Font Info:    ... okay on input line 84.
LaTeX Font Info:    Checking defaults for T1/cmr/m/n on input line 84.
LaTeX Font Info:    ... okay on input line 84.
LaTeX Font Info:    Checking defaults for TS1/cmr/m/n on input line 84.
LaTeX Font Info:    ... okay on input line 84.
LaTeX Font Info:    Checking defaults for OMX/cmex/m/n on input line 84.
LaTeX Font Info:    ... okay on input line 84.
LaTeX Font Info:    Checking defaults for U/cmr/m/n on input line 84.
LaTeX Font Info:    ... okay on input line 84.
LaTeX Font Info:    Checking defaults for PD1/pdf/m/n on input line 84.
LaTeX Font Info:    ... okay on input line 84.
LaTeX Font Info:    Checking defaults for PU/pdf/m/n on input line 84.
LaTeX Font Info:    ... okay on input line 84.
 ABD: EveryShipout initializing macros ("C:\Program Files\MiKTeX 2.9\tex/context/base/mkii\supp-pdf.mkii"
[Loading MPS to PDF converter (version 2006.09.02).]
\scratchcounter=\count463
\scratchdimen=\dimen268
\scratchbox=\box67
\nofMPsegments=\count464
\nofMParguments=\count465
\everyMPshowfont=\toks49
\MPscratchCnt=\count466
\MPscratchDim=\dimen269
\MPnumerator=\count467
\makeMPintoPDFobject=\count468
\everyMPtoPDFconversion=\toks50
) ("C:\Program Files\MiKTeX 2.9\tex/latex/epstopdf-pkg\epstopdf-base.sty"
Package: epstopdf-base 2020-01-24 v2.11 Base part for package epstopdf
 ("C:\Program Files\MiKTeX 2.9\tex/latex/grfext\grfext.sty"
Package: grfext 2019/12/03 v1.3 Manage graphics extensions (HO)
)
Package epstopdf-base Info: Redefining graphics rule for `.eps' on input line 485.
Package grfext Info: Graphics extension search list:
(grfext)             [.pdf,.png,.jpg,.mps,.jpeg,.jbig2,.jb2,.PDF,.PNG,.JPG,.JPEG,.JBIG2,.JB2,.eps]
(grfext)             \AppendGraphicsExtensions on input line 504.
)
\AtBeginShipoutBox=\box68
Package hyperref Info: Link coloring OFF on input line 84.
 ("C:\Program Files\MiKTeX 2.9\tex/latex/hyperref\nameref.sty"
Package: nameref 2019/09/16 v2.46 Cross-referencing by name of section
 ("C:\Program Files\MiKTeX 2.9\tex/latex/refcount\refcount.sty"
Package: refcount 2019/12/15 v3.6 Data extraction from label references (HO)
) ("C:\Program Files\MiKTeX 2.9\tex/generic/gettitlestring\gettitlestring.sty"
Package: gettitlestring 2019/12/15 v1.6 Cleanup title references (HO)
)
\c@section@level=\count469
)
LaTeX Info: Redefining \ref on input line 84.
LaTeX Info: Redefining \pageref on input line 84.
LaTeX Info: Redefining \nameref on input line 84.
 (Thesis.out) (Thesis.out)
\@outlinefile=\write6
\openout6 = `Thesis.out'.

Package caption Info: Begin \AtBeginDocument code.
Package caption Info: longtable package is loaded.
 ("C:\Program Files\MiKTeX 2.9\tex/latex/caption\ltcaption.sty"
Package: ltcaption 2018/08/26 v1.4a longtable captions (AR)
)
Package caption Info: rotating package is loaded.
Package caption Info: sidecap package is loaded.
Package caption Info: threeparttable package is loaded.
Package caption Info: wrapfig package is loaded.
Package caption Info: End \AtBeginDocument code.
 ("C:\Program Files\MiKTeX 2.9\tex/latex/ragged2e\ragged2e.sty"
Package: ragged2e 2019/07/28 v2.2 ragged2e Package (MS)
 ("C:\Program Files\MiKTeX 2.9\tex/latex/ms\everysel.sty"
Package: everysel 2011/10/28 v1.2 EverySelectfont Package (MS)
 ABD: EverySelectfont initializing macros
LaTeX Info: Redefining \selectfont on input line 126.
)
\CenteringLeftskip=\skip102
\RaggedLeftLeftskip=\skip103
\RaggedRightLeftskip=\skip104
\CenteringRightskip=\skip105
\RaggedLeftRightskip=\skip106
\RaggedRightRightskip=\skip107
\CenteringParfillskip=\skip108
\RaggedLeftParfillskip=\skip109
\RaggedRightParfillskip=\skip110
\JustifyingParfillskip=\skip111
\CenteringParindent=\skip112
\RaggedLeftParindent=\skip113
\RaggedRightParindent=\skip114
\JustifyingParindent=\skip115
)
*geometry* driver: auto-detecting
*geometry* detected driver: pdftex
*geometry* verbose mode - [ preamble ] result:
* driver: pdftex
* paper: a4paper
* layout: <same size as paper>
* layoutoffset:(h,v)=(0.0pt,0.0pt)
* modes: 
* h-part:(L,W,R)=(105.2751pt, 401.18405pt, 91.04872pt)
* v-part:(T,H,B)=(91.04872pt, 662.9494pt, 91.04872pt)
* \paperwidth=597.50787pt
* \paperheight=845.04684pt
* \textwidth=401.18405pt
* \textheight=662.9494pt
* \oddsidemargin=33.00511pt
* \evensidemargin=33.00511pt
* \topmargin=-18.22127pt
* \headheight=20.5pt
* \headsep=25.0pt
* \topskip=12.0pt
* \footskip=30.0pt
* \marginparwidth=35.0pt
* \marginparsep=10.0pt
* \columnsep=10.0pt
* \skip\footins=10.8pt plus 4.0pt minus 2.0pt
* \hoffset=0.0pt
* \voffset=0.0pt
* \mag=1000
* \@twocolumnfalse
* \@twosidefalse
* \@mparswitchfalse
* \@reversemarginfalse
* (1in=72.27pt=25.4mm, 1cm=28.453pt)

Package biblatex Info: Trying to load language 'english' -> 'english-apa'...
Package biblatex Info: ... file 'english-apa.lbx' found.
("C:\Program Files\MiKTeX 2.9\tex/latex/biblatex-apa\english-apa.lbx"
File: english-apa.lbx 2020/04/08 v9.9 APA biblatex localisation
Package biblatex Info: Trying to load language 'english'...
Package biblatex Info: ... file 'english.lbx' found.
 ("C:\Program Files\MiKTeX 2.9\tex/latex/biblatex/lbx\english.lbx"
File: english.lbx 2019/12/01 v3.14 biblatex localization (PK/MW)
)
Package biblatex Info: Trying to load language 'american' -> 'american-apa'...
Package biblatex Info: ... file 'american-apa.lbx' found.
 ("C:\Program Files\MiKTeX 2.9\tex/latex/biblatex-apa\american-apa.lbx"
File: american-apa.lbx 2020/04/08 v9.9 APA biblatex localisation
Package biblatex Info: Trying to load language 'american'...
Package biblatex Info: ... file 'american.lbx' found.
 ("C:\Program Files\MiKTeX 2.9\tex/latex/biblatex/lbx\american.lbx"
File: american.lbx 2019/12/01 v3.14 biblatex localization (PK/MW)
Package biblatex Info: Trying to load language 'english'...
Package biblatex Info: ... file 'english.lbx' found.
 ("C:\Program Files\MiKTeX 2.9\tex/latex/biblatex/lbx\english.lbx"
File: english.lbx 2019/12/01 v3.14 biblatex localization (PK/MW)
))))
Package biblatex Info: Input encoding 'cp1250' detected.
Package biblatex Info: Automatic encoding selection.
(biblatex)             Assuming data encoding 'cp1250'.
\openout5 = `Thesis.bcf'.

Package biblatex Info: Trying to load bibliographic data...
Package biblatex Info: ... file 'Thesis.bbl' found.
 (Thesis.bbl)
Package biblatex Info: Reference section=0 on input line 84.
Package biblatex Info: Reference segment=0 on input line 84.
LaTeX Font Info:    Trying to load font information for T1+lmss on input line 91.
 ("C:\Program Files\MiKTeX 2.9\tex/latex/lm\t1lmss.fd"
File: t1lmss.fd 2009/10/30 v1.6 Font defs for Latin Modern
)
<Figures/logouk.pdf, id=251, 541.39165pt x 541.38963pt>
File: Figures/logouk.pdf Graphic file (type pdf)
<use Figures/logouk.pdf>
Package pdftex.def Info: Figures/logouk.pdf  used on input line 91.
(pdftex.def)             Requested size: 113.81102pt x 113.81082pt.


LaTeX Font Warning: Font shape `T1/lmss/bx/sc' undefined
(Font)              using `T1/lmss/bx/n' instead on input line 91.

[1.1

 <./Figures/logouk.pdf>] (01_Frontmatter/decl.tex
LaTeX Font Info:    Trying to load font information for OT1+lmr on input line 14.
 ("C:\Program Files\MiKTeX 2.9\tex/latex/lm\ot1lmr.fd"
File: ot1lmr.fd 2009/10/30 v1.6 Font defs for Latin Modern
)
LaTeX Font Info:    Trying to load font information for OML+lmm on input line 14.
 ("C:\Program Files\MiKTeX 2.9\tex/latex/lm\omllmm.fd"
File: omllmm.fd 2009/10/30 v1.6 Font defs for Latin Modern
)
LaTeX Font Info:    Trying to load font information for OMS+lmsy on input line 14.
 ("C:\Program Files\MiKTeX 2.9\tex/latex/lm\omslmsy.fd"
File: omslmsy.fd 2009/10/30 v1.6 Font defs for Latin Modern
)
LaTeX Font Info:    Trying to load font information for OMX+lmex on input line 14.
 ("C:\Program Files\MiKTeX 2.9\tex/latex/lm\omxlmex.fd"
File: omxlmex.fd 2009/10/30 v1.6 Font defs for Latin Modern
)
LaTeX Font Info:    External font `lmex10' loaded for size
(Font)              <12> on input line 14.
LaTeX Font Info:    External font `lmex10' loaded for size
(Font)              <8> on input line 14.
LaTeX Font Info:    External font `lmex10' loaded for size
(Font)              <6> on input line 14.
LaTeX Font Info:    Trying to load font information for U+msa on input line 14.
 ("C:\Program Files\MiKTeX 2.9\tex/latex/amsfonts\umsa.fd"
File: umsa.fd 2013/01/14 v3.01 AMS symbols A
)
LaTeX Font Info:    Trying to load font information for U+msb on input line 14.
 ("C:\Program Files\MiKTeX 2.9\tex/latex/amsfonts\umsb.fd"
File: umsb.fd 2013/01/14 v3.01 AMS symbols B
)
LaTeX Font Info:    Trying to load font information for U+lasy on input line 14.
 ("C:\Program Files\MiKTeX 2.9\tex/latex/base\ulasy.fd"
File: ulasy.fd 1998/08/17 v2.2e LaTeX symbol font definitions
)) [2.2] (01_Frontmatter/abst.tex
LaTeX Font Info:    Trying to load font information for T1+lmtt on input line 10.
 ("C:\Program Files\MiKTeX 2.9\tex/latex/lm\t1lmtt.fd"
File: t1lmtt.fd 2009/10/30 v1.6 Font defs for Latin Modern
)
Overfull \hbox (13.67361pt too wide) in paragraph at lines 18--19
\T1/lmr/m/n/12 a v¤»sledky v n¤» dosa¤»en¤». An-o-tace pr¤»ce by nem¤»la b¤»t del¤»¤»
 []


Overfull \hbox (27.78433pt too wide) in paragraph at lines 22--30
[][] 
 []

) [3.3

] (01_Frontmatter/ackn.tex
Overfull \hbox (4.36913pt too wide) in paragraph at lines 14--16
\T1/lmr/m/n/12 Mare², Jan: \T1/lmr/m/it/12 Three Es-says on Fi-nan-cial De-vel-op-ment\T1/lmr/m/n/12 . DIS-SER-TA-TION. Charles
 []

) [4.4

] (Thesis.toc
Package acronym Info: Label `acro:MCMC' newly defined as it shall be overridden
although it is yet undefined on input line 43.
 [5.5


]
Package acronym Info: Label `acro:CSWD' newly defined as it shall be overridden
although it is yet undefined on input line 71.

Overfull \hbox (12.77345pt too wide) detected at line 123
 []\T1/lmr/m/n/12 XVIII
 []

)
\tf@toc=\write7
\openout7 = `Thesis.toc'.

 [6.6] (Thesis.lot
\blx@sectionciteorder@2=\count470
Package acronym Info: Label `acro:BMA' newly defined as it shall be overridden
although it is yet undefined on input line 39.
Package acronym Info: Label `acro:IVBMA' newly defined as it shall be overridden
although it is yet undefined on input line 43.

Overfull \hbox (12.3298pt too wide) in paragraph at lines 43--43
 [][] [][]\T1/lmr/m/n/12 Determinants of Wealth In-equal-ity, [][][]Instrumental Vari-able Bayesian 
 []

[7.7


]
Package acronym Info: Label `acro:UIP' newly defined as it shall be overridden
although it is yet undefined on input line 45.

Overfull \hbox (3.96545pt too wide) detected at line 89
 []\T1/lmr/m/n/12 VIII
 []

)
\tf@lot=\write8
\openout8 = `Thesis.lot'.

 [8.8] (Thesis.lof
Package acronym Info: Label `acro:PIP' newly defined as it shall be overridden
although it is yet undefined on input line 33.
)
\tf@lof=\write9
\openout9 = `Thesis.lof'.

 [9.9


] (01_Frontmatter/acro.tex) [10.10


] (02_Mainmatter/01_Intro.tex
\blx@maxsegment@1=\count471
\blx@sectionciteorder@1=\count472
Package biblatex Info: Reference section=1 on input line 1.
Package biblatex Info: Setting label 'refsection:1' on input line 1.

Chapter 1.
[1.11


]
Package acronym Info: Label `acro:GFDD' newly defined as it shall be overridden
although it is yet undefined on input line 14.
 [2.12] [3.13]
LaTeX Font Info:    External font `lmex10' loaded for size
(Font)              <10> on input line 20.
LaTeX Font Info:    External font `lmex10' loaded for size
(Font)              <7> on input line 20.
LaTeX Font Info:    External font `lmex10' loaded for size
(Font)              <5> on input line 20.
 [4.14] [5.15] [6.16] [7.17]
Overfull \hbox (2.40685pt too wide) in paragraph at lines 41--41
[][]\T1/lmr/m/n/12 King, R. G., & Levine, R. (1993). Fi-nance, en-trepreneur-ship and growth: Schum-
 []

[8.18]
Package biblatex Info: Reference section=0 on input line 43.
) (02_Mainmatter/02.tex
\blx@maxsegment@2=\count473
\blx@sectionciteorder@2=\count474
Package biblatex Info: Reference section=2 on input line 1.
Package biblatex Info: Setting label 'refsection:2' on input line 1.
 [9.19]
Chapter 2.
[10.20

] [11.21

] [12.22] [13.23] [14.24] [15.25] [16.26] [17.27]
LaTeX Font Info:    Trying to load font information for TS1+lmr on input line 65.
 ("C:\Program Files\MiKTeX 2.9\tex/latex/lm\ts1lmr.fd"
File: ts1lmr.fd 2009/10/30 v1.6 Font defs for Latin Modern
) [18.28] [19.29] [20.30]
Package acronym Info: Label `acro:PMP' newly defined as it shall be overridden
although it is yet undefined on input line 135.
Package acronym Info: Label `acro:ML' newly defined as it shall be overridden
although it is yet undefined on input line 141.
 [21.31]
Package acronym Info: Label `acro:OLS' newly defined as it shall be overridden
although it is yet undefined on input line 167.
 [22.32] [23.33] [24.34]
Package acronym Info: Label `acro:BRIC' newly defined as it shall be overridden
although it is yet undefined on input line 231.


Package amsmath Warning: Foreign command \atopwithdelims;
(amsmath)                \frac or \genfrac should be used instead
(amsmath)                 on input line 248.

[25.35] [26.36]

Package hyperref Warning: Token not allowed in a PDF string (Unicode):
(hyperref)                removing `\@ac' on input line 260.

[27.37]
Package epstopdf Info: Source file: <Figures/ch2/PConGDP1960-2011.eps>
(epstopdf)                    date: 2015-06-22 08:50:04
(epstopdf)                    size: 139094 bytes
(epstopdf)             Output file: <Figures/ch2/PConGDP1960-2011-eps-converted-to.pdf>
(epstopdf)                    date: 2020-01-10 00:03:14
(epstopdf)                    size: 144563 bytes
(epstopdf)             Command: <epstopdf --outfile=Figures/ch2/PConGDP1960-2011-eps-converted-to.pdf Figures/ch2/PConGDP1960-2011.eps>
(epstopdf)             \includegraphics on input line 304.
Package epstopdf Info: Output file is already uptodate.


pdfTeX warning: pdflatex (file ./Figures/ch2/PConGDP1960-2011-eps-converted-to.pdf): PDF inclusion: found PDF version <1.7>, but at most version <1.5> allowed
<Figures/ch2/PConGDP1960-2011-eps-converted-to.pdf, id=1128, 650.43pt x 361.35pt>
File: Figures/ch2/PConGDP1960-2011-eps-converted-to.pdf Graphic file (type pdf)
<use Figures/ch2/PConGDP1960-2011-eps-converted-to.pdf>
Package pdftex.def Info: Figures/ch2/PConGDP1960-2011-eps-converted-to.pdf  used on input line 304.
(pdftex.def)             Requested size: 401.18405pt x 222.88231pt.
Package acronym Info: Label `acro:GDP' newly defined as it shall be overridden
although it is yet undefined on input line 307.
[28.38] [29.39 <./Figures/ch2/PConGDP1960-2011-eps-converted-to.pdf>] [30.40]
Package epstopdf Info: Source file: <Figures/ch2/plotCompPC6011.eps>
(epstopdf)                    date: 2015-06-22 08:50:04
(epstopdf)                    size: 19292 bytes
(epstopdf)             Output file: <Figures/ch2/plotCompPC6011-eps-converted-to.pdf>
(epstopdf)                    date: 2020-01-10 00:30:30
(epstopdf)                    size: 17825 bytes
(epstopdf)             Command: <epstopdf --outfile=Figures/ch2/plotCompPC6011-eps-converted-to.pdf Figures/ch2/plotCompPC6011.eps>
(epstopdf)             \includegraphics on input line 383.
Package epstopdf Info: Output file is already uptodate.


pdfTeX warning: pdflatex (file ./Figures/ch2/plotCompPC6011-eps-converted-to.pdf): PDF inclusion: found PDF version <1.7>, but at most version <1.5> allowed
<Figures/ch2/plotCompPC6011-eps-converted-to.pdf, id=1176, 650.43pt x 361.35pt>
File: Figures/ch2/plotCompPC6011-eps-converted-to.pdf Graphic file (type pdf)
<use Figures/ch2/plotCompPC6011-eps-converted-to.pdf>
Package pdftex.def Info: Figures/ch2/plotCompPC6011-eps-converted-to.pdf  used on input line 383.
(pdftex.def)             Requested size: 401.18405pt x 222.88231pt.
[31.41] [32.42 <./Figures/ch2/plotCompPC6011-eps-converted-to.pdf>]
Package epstopdf Info: Source file: <Figures/ch2/Plots60.eps>
(epstopdf)                    date: 2015-06-22 08:50:04
(epstopdf)                    size: 96384 bytes
(epstopdf)             Output file: <Figures/ch2/Plots60-eps-converted-to.pdf>
(epstopdf)                    date: 2020-01-10 00:30:31
(epstopdf)                    size: 32104 bytes
(epstopdf)             Command: <epstopdf --outfile=Figures/ch2/Plots60-eps-converted-to.pdf Figures/ch2/Plots60.eps>
(epstopdf)             \includegraphics on input line 408.
Package epstopdf Info: Output file is already uptodate.


pdfTeX warning: pdflatex (file ./Figures/ch2/Plots60-eps-converted-to.pdf): PDF inclusion: found PDF version <1.7>, but at most version <1.5> allowed
<Figures/ch2/Plots60-eps-converted-to.pdf, id=1209, 650.43pt x 578.16pt>
File: Figures/ch2/Plots60-eps-converted-to.pdf Graphic file (type pdf)
<use Figures/ch2/Plots60-eps-converted-to.pdf>
Package pdftex.def Info: Figures/ch2/Plots60-eps-converted-to.pdf  used on input line 408.
(pdftex.def)             Requested size: 401.18405pt x 356.6117pt.
LaTeX Font Info:    External font `lmex10' loaded for size
(Font)              <10.95> on input line 417.
[33.43] [34.44 <./Figures/ch2/Plots60-eps-converted-to.pdf>] [35.45]
Package epstopdf Info: Source file: <Figures/ch2/plotCompall6011.eps>
(epstopdf)                    date: 2015-11-02 13:09:06
(epstopdf)                    size: 17314 bytes
(epstopdf)             Output file: <Figures/ch2/plotCompall6011-eps-converted-to.pdf>
(epstopdf)                    date: 2020-01-10 00:30:32
(epstopdf)                    size: 17561 bytes
(epstopdf)             Command: <epstopdf --outfile=Figures/ch2/plotCompall6011-eps-converted-to.pdf Figures/ch2/plotCompall6011.eps>
(epstopdf)             \includegraphics on input line 501.
Package epstopdf Info: Output file is already uptodate.


pdfTeX warning: pdflatex (file ./Figures/ch2/plotCompall6011-eps-converted-to.pdf): PDF inclusion: found PDF version <1.7>, but at most version <1.5> allowed
<Figures/ch2/plotCompall6011-eps-converted-to.pdf, id=1247, 650.43pt x 361.35pt>
File: Figures/ch2/plotCompall6011-eps-converted-to.pdf Graphic file (type pdf)
<use Figures/ch2/plotCompall6011-eps-converted-to.pdf>
Package pdftex.def Info: Figures/ch2/plotCompall6011-eps-converted-to.pdf  used on input line 501.
(pdftex.def)             Requested size: 401.18405pt x 222.88231pt.
[36.46] [37.47 <./Figures/ch2/plotCompall6011-eps-converted-to.pdf>] [38.48]

LaTeX Warning: Float too large for page by 28.56754pt on input line 580.

[39.49] [40.50] [41.51] [42.52] [43.53] [44.54] [45.55] [46.56] [47.57] [48.58]
Overfull \hbox (2.40685pt too wide) in paragraph at lines 713--713
[][]\T1/lmr/m/n/12 King, R. G., & Levine, R. (1993). Fi-nance, en-trepreneur-ship and growth: Schum-
 []

[49.59] [50.60] [51.61]
Package acronym Info: Label `acro:PWT' newly defined as it shall be overridden
although it is yet undefined on input line 725.
 [52.62]
Overfull \hbox (6.0836pt too wide) in paragraph at lines 735--736
\T1/lmr/m/n/12 Sal-vador, Ethiopia, Fin-land, France, United King-dom, Ger-many, Ghana, Greece,
 []

[53.63]
Package epstopdf Info: Source file: <Figures/ch2/plotCompPC6011rnd.eps>
(epstopdf)                    date: 2015-06-22 08:50:04
(epstopdf)                    size: 13058 bytes
(epstopdf)             Output file: <Figures/ch2/plotCompPC6011rnd-eps-converted-to.pdf>
(epstopdf)                    date: 2020-01-10 00:30:33
(epstopdf)                    size: 15797 bytes
(epstopdf)             Command: <epstopdf --outfile=Figures/ch2/plotCompPC6011rnd-eps-converted-to.pdf Figures/ch2/plotCompPC6011rnd.eps>
(epstopdf)             \includegraphics on input line 744.
Package epstopdf Info: Output file is already uptodate.


pdfTeX warning: pdflatex (file ./Figures/ch2/plotCompPC6011rnd-eps-converted-to.pdf): PDF inclusion: found PDF version <1.7>, but at most version <1.5> allowed
<Figures/ch2/plotCompPC6011rnd-eps-converted-to.pdf, id=1414, 650.43pt x 361.35pt>
File: Figures/ch2/plotCompPC6011rnd-eps-converted-to.pdf Graphic file (type pdf)
<use Figures/ch2/plotCompPC6011rnd-eps-converted-to.pdf>
Package pdftex.def Info: Figures/ch2/plotCompPC6011rnd-eps-converted-to.pdf  used on input line 744.
(pdftex.def)             Requested size: 401.18405pt x 222.88231pt.
[54.64]
Package biblatex Info: Reference section=0 on input line 837.
) (02_Mainmatter/03.tex
\blx@maxsegment@3=\count475
\blx@sectionciteorder@3=\count476
Package biblatex Info: Reference section=3 on input line 1.
Package biblatex Info: Setting label 'refsection:3' on input line 1.
 [55.65 <./Figures/ch2/plotCompPC6011rnd-eps-converted-to.pdf>] [56.66] [57.67]
Chapter 3.
[58.68

] [59.69

] [60.70]
Package acronym Info: Label `acro:US' newly defined as it shall be overridden
although it is yet undefined on input line 43.
 [61.71]
Package acronym Info: Label `acro:OECD' newly defined as it shall be overridden
although it is yet undefined on input line 50.
Package epstopdf Info: Source file: <Figures/ch3/wealthincome_comp.eps>
(epstopdf)                    date: 2020-07-12 10:34:11
(epstopdf)                    size: 78996 bytes
(epstopdf)             Output file: <Figures/ch3/wealthincome_comp-eps-converted-to.pdf>
(epstopdf)                    date: 2020-07-12 10:34:48
(epstopdf)                    size: 26333 bytes
(epstopdf)             Command: <epstopdf --outfile=Figures/ch3/wealthincome_comp-eps-converted-to.pdf Figures/ch3/wealthincome_comp.eps>
(epstopdf)             \includegraphics on input line 57.
Package epstopdf Info: Output file is already uptodate.


pdfTeX warning: pdflatex (file ./Figures/ch3/wealthincome_comp-eps-converted-to.pdf): PDF inclusion: found PDF version <1.7>, but at most version <1.5> allowed
<Figures/ch3/wealthincome_comp-eps-converted-to.pdf, id=1579, 433.62pt x 433.62pt>
File: Figures/ch3/wealthincome_comp-eps-converted-to.pdf Graphic file (type pdf)
<use Figures/ch3/wealthincome_comp-eps-converted-to.pdf>
Package pdftex.def Info: Figures/ch3/wealthincome_comp-eps-converted-to.pdf  used on input line 57.
(pdftex.def)             Requested size: 176.92294pt x 176.9252pt.
Package epstopdf Info: Source file: <Figures/ch3/wealthincome_comp_oecd.eps>
(epstopdf)                    date: 2020-07-12 10:33:43
(epstopdf)                    size: 86075 bytes
(epstopdf)             Output file: <Figures/ch3/wealthincome_comp_oecd-eps-converted-to.pdf>
(epstopdf)                    date: 2020-07-12 10:34:49
(epstopdf)                    size: 28292 bytes
(epstopdf)             Command: <epstopdf --outfile=Figures/ch3/wealthincome_comp_oecd-eps-converted-to.pdf Figures/ch3/wealthincome_comp_oecd.eps>
(epstopdf)             \includegraphics on input line 63.
Package epstopdf Info: Output file is already uptodate.


pdfTeX warning: pdflatex (file ./Figures/ch3/wealthincome_comp_oecd-eps-converted-to.pdf): PDF inclusion: found PDF version <1.7>, but at most version <1.5> allowed
<Figures/ch3/wealthincome_comp_oecd-eps-converted-to.pdf, id=1580, 433.62pt x 433.62pt>
File: Figures/ch3/wealthincome_comp_oecd-eps-converted-to.pdf Graphic file (type pdf)
<use Figures/ch3/wealthincome_comp_oecd-eps-converted-to.pdf>
Package pdftex.def Info: Figures/ch3/wealthincome_comp_oecd-eps-converted-to.pdf  used on input line 63.
(pdftex.def)             Requested size: 176.92294pt x 176.9252pt.
Package acronym Info: Label `acro:SWIID' newly defined as it shall be overridden
although it is yet undefined on input line 69.

LaTeX Warning: `h' float specifier changed to `ht'.

[62.72]
Package acronym Info: Label `acro:UK' newly defined as it shall be overridden
although it is yet undefined on input line 75.
 [63.73 <./Figures/ch3/wealthincome_comp-eps-converted-to.pdf> <./Figures/ch3/wealthincome_comp_oecd-eps-converted-to.pdf>] [64.74]
Package acronym Info: Label `acro:WB' newly defined as it shall be overridden
although it is yet undefined on input line 93.
 [65.75]

Package hyperref Warning: Token not allowed in a PDF string (Unicode):
(hyperref)                removing `\@ac' on input line 195.

Package acronym Info: Label `acro:WID' newly defined as it shall be overridden
although it is yet undefined on input line 196.
[66.76] [67.77]
Package acronym Info: Label `acro:HBS' newly defined as it shall be overridden
although it is yet undefined on input line 200.
 [68.78] [69.79] [70.80]
Package acronym Info: Label `acro:CBF' newly defined as it shall be overridden
although it is yet undefined on input line 251.
Package acronym Info: Label `acro:BIC' newly defined as it shall be overridden
although it is yet undefined on input line 251.
 [71.81] [72.82]
Package epstopdf Info: Source file: <figures/ch3/plots_findev.eps>
(epstopdf)                    date: 2018-06-07 17:08:54
(epstopdf)                    size: 148049 bytes
(epstopdf)             Output file: <figures/ch3/plots_findev-eps-converted-to.pdf>
(epstopdf)                    date: 2020-01-10 17:08:51
(epstopdf)                    size: 37587 bytes
(epstopdf)             Command: <epstopdf --outfile=figures/ch3/plots_findev-eps-converted-to.pdf figures/ch3/plots_findev.eps>
(epstopdf)             \includegraphics on input line 303.
Package epstopdf Info: Output file is already uptodate.


pdfTeX warning: pdflatex (file ./figures/ch3/plots_findev-eps-converted-to.pdf): PDF inclusion: found PDF version <1.7>, but at most version <1.5> allowed
<figures/ch3/plots_findev-eps-converted-to.pdf, id=1803, 650.43pt x 650.43pt>
File: figures/ch3/plots_findev-eps-converted-to.pdf Graphic file (type pdf)
<use figures/ch3/plots_findev-eps-converted-to.pdf>
Package pdftex.def Info: figures/ch3/plots_findev-eps-converted-to.pdf  used on input line 303.
(pdftex.def)             Requested size: 341.00888pt x 341.0144pt.
[73.83 <./figures/ch3/plots_findev-eps-converted-to.pdf>] [74.84] [75.85] [76.86] [77.87]
Package epstopdf Info: Source file: <figures/ch3/priors_comparison_compound.eps>
(epstopdf)                    date: 2018-05-18 13:28:31
(epstopdf)                    size: 101293 bytes
(epstopdf)             Output file: <figures/ch3/priors_comparison_compound-eps-converted-to.pdf>
(epstopdf)                    date: 2020-01-10 17:08:52
(epstopdf)                    size: 32809 bytes
(epstopdf)             Command: <epstopdf --outfile=figures/ch3/priors_comparison_compound-eps-converted-to.pdf figures/ch3/priors_comparison_compound.eps>
(epstopdf)             \includegraphics on input line 388.
Package epstopdf Info: Output file is already uptodate.


pdfTeX warning: pdflatex (file ./figures/ch3/priors_comparison_compound-eps-converted-to.pdf): PDF inclusion: found PDF version <1.7>, but at most version <1.5> allowed
<figures/ch3/priors_comparison_compound-eps-converted-to.pdf, id=1882, 650.43pt x 433.62pt>
File: figures/ch3/priors_comparison_compound-eps-converted-to.pdf Graphic file (type pdf)
<use figures/ch3/priors_comparison_compound-eps-converted-to.pdf>
Package pdftex.def Info: figures/ch3/priors_comparison_compound-eps-converted-to.pdf  used on input line 388.
(pdftex.def)             Requested size: 361.06319pt x 240.71487pt.
[78.88

 <./figures/ch3/priors_comparison_compound-eps-converted-to.pdf>]
Package epstopdf Info: Source file: <figures/ch3/finance_effect.eps>
(epstopdf)                    date: 2018-10-24 11:50:02
(epstopdf)                    size: 116688 bytes
(epstopdf)             Output file: <figures/ch3/finance_effect-eps-converted-to.pdf>
(epstopdf)                    date: 2020-01-10 17:08:52
(epstopdf)                    size: 36038 bytes
(epstopdf)             Command: <epstopdf --outfile=figures/ch3/finance_effect-eps-converted-to.pdf figures/ch3/finance_effect.eps>
(epstopdf)             \includegraphics on input line 405.
Package epstopdf Info: Output file is already uptodate.


pdfTeX warning: pdflatex (file ./figures/ch3/finance_effect-eps-converted-to.pdf): PDF inclusion: found PDF version <1.7>, but at most version <1.5> allowed
<figures/ch3/finance_effect-eps-converted-to.pdf, id=1915, 722.7pt x 433.62pt>
File: figures/ch3/finance_effect-eps-converted-to.pdf Graphic file (type pdf)
<use figures/ch3/finance_effect-eps-converted-to.pdf>
Package pdftex.def Info: figures/ch3/finance_effect-eps-converted-to.pdf  used on input line 405.
(pdftex.def)             Requested size: 629.7999pt x 377.88155pt.
[79.89] [80.90 <./figures/ch3/finance_effect-eps-converted-to.pdf>] [81.91]
Package acronym Info: Label `acro:EFW' newly defined as it shall be overridden
although it is yet undefined on input line 445.
 [82.92] [83.93] [84.94] [85.95]
Overfull \hbox (1.85773pt too wide) in paragraph at lines 532--532
\T1/lmr/m/it/12 com-par-i-son of aug-mented wealth in ger-many and the united states \T1/lmr/m/n/12 (Work-
 []

[86.96] [87.97] [88.98] [89.99] [90.100] [91.101] [92.102] [93.103

] [94.104

] [95.105

]
Underfull \hbox (badness 10000) in alignment at lines 773--773
[][][][] 
 []

[96.106

]
Overfull \hbox (20.71956pt too wide) in paragraph at lines 808--841
 [] 
 []

[97.107

] [98.108

] [99.109

] [100.110

]
Overfull \hbox (36.43172pt too wide) in alignment at lines 1096--1138
 [] [] [] 
 []


Overfull \hbox (36.43172pt too wide) in alignment at lines 1138--1178
 [] [] [] 
 []


Underfull \hbox (badness 1077) in paragraph at lines 1183--1184
[]|\T1/lmr/m/n/10 return on banks' as-sets plus the ra-tio of
 []


Underfull \hbox (badness 1394) in paragraph at lines 1183--1184
\T1/lmr/m/n/10 banks' eq-uity and as-sets, di-vided by the
 []


Underfull \hbox (badness 10000) in paragraph at lines 1199--1200
[]|[][]\T1/lmr/m/n/10 Spolaore and Wacziarg
 []


Overfull \hbox (36.43172pt too wide) in alignment at lines 1178--1205
 [] [] [] 
 []

[101.111

] [102.112] [103.113]
Package acronym Info: Label `acro:IID' newly defined as it shall be overridden
although it is yet undefined on input line 1229.
 [104.114] [105.115]
Overfull \hbox (4.42076pt too wide) in paragraph at lines 1299--1303
\T1/lmr/m/n/12 fer-ent mod-els in the sec-ond com-po-nent $[][]$. $\OML/lmm/m/it/12 E\OT1/lmr/m/n/12 (\OML/lmm/m/it/12 \OMS/lmsy/m/n/12 j\OML/lmm/m/it/12 y; X\OT1/lmr/m/n/12 )$
 []


Overfull \hbox (9.14351pt too wide) in paragraph at lines 1310--1313
\T1/lmr/m/n/12 equa-tion must be in-te-grated with re-spect to $\OML/lmm/m/it/12 []$\T1/lmr/m/n/12 . Em-ploy-ing $[][] \OML/lmm/m/it/12 p\OT1/lmr/m/n/12 (\OML/lmm/m/it/12 []\OMS/lmsy/m/n/12 j\OML/lmm/m/it/12 M[]; y; X\OT1/lmr/m/n/12 ) \OML/lmm/m/it/12 d[] \OT1/lmr/m/n/12 =
 []

[106.116] [107.117]
Package biblatex Info: Reference section=0 on input line 1355.
) (02_Mainmatter/04.tex
\blx@maxsegment@4=\count477
\blx@sectionciteorder@4=\count478
Package biblatex Info: Reference section=4 on input line 1.
Package biblatex Info: Setting label 'refsection:4' on input line 1.
 [108.118]
Chapter 4.
[109.119

] [110.120] [111.121]
Package acronym Info: Label `acro:WALS' newly defined as it shall be overridden
although it is yet undefined on input line 61.
Package acronym Info: Label `acro:WIID' newly defined as it shall be overridden
although it is yet undefined on input line 76.
Package acronym Info: Label `acro:LIS' newly defined as it shall be overridden
although it is yet undefined on input line 76.
 [112.122]
Package acronym Info: Label `acro:DINA' newly defined as it shall be overridden
although it is yet undefined on input line 78.
 [113.123] [114.124]
Package epstopdf Info: Source file: <figures/ch4/plots_ineq.eps>
(epstopdf)                    date: 2020-01-14 10:45:46
(epstopdf)                    size: 247040 bytes
(epstopdf)             Output file: <figures/ch4/plots_ineq-eps-converted-to.pdf>
(epstopdf)                    date: 2020-01-14 10:51:04
(epstopdf)                    size: 50487 bytes
(epstopdf)             Command: <epstopdf --outfile=figures/ch4/plots_ineq-eps-converted-to.pdf figures/ch4/plots_ineq.eps>
(epstopdf)             \includegraphics on input line 151.
Package epstopdf Info: Output file is already uptodate.


pdfTeX warning: pdflatex (file ./figures/ch4/plots_ineq-eps-converted-to.pdf): PDF inclusion: found PDF version <1.7>, but at most version <1.5> allowed
<figures/ch4/plots_ineq-eps-converted-to.pdf, id=2357, 722.7pt x 361.35pt>
File: figures/ch4/plots_ineq-eps-converted-to.pdf Graphic file (type pdf)
<use figures/ch4/plots_ineq-eps-converted-to.pdf>
Package pdftex.def Info: figures/ch4/plots_ineq-eps-converted-to.pdf  used on input line 151.
(pdftex.def)             Requested size: 320.94846pt x 160.47217pt.
[115.125 <./figures/ch4/plots_ineq-eps-converted-to.pdf>]
Package epstopdf Info: Source file: <figures/ch4/plots_findev_gini_dm.eps>
(epstopdf)                    date: 2020-01-14 20:20:52
(epstopdf)                    size: 450732 bytes
(epstopdf)             Output file: <figures/ch4/plots_findev_gini_dm-eps-converted-to.pdf>
(epstopdf)                    date: 2020-01-14 20:21:26
(epstopdf)                    size: 82328 bytes
(epstopdf)             Command: <epstopdf --outfile=figures/ch4/plots_findev_gini_dm-eps-converted-to.pdf figures/ch4/plots_findev_gini_dm.eps>
(epstopdf)             \includegraphics on input line 177.
Package epstopdf Info: Output file is already uptodate.


pdfTeX warning: pdflatex (file ./figures/ch4/plots_findev_gini_dm-eps-converted-to.pdf): PDF inclusion: found PDF version <1.7>, but at most version <1.5> allowed
<figures/ch4/plots_findev_gini_dm-eps-converted-to.pdf, id=2389, 650.43pt x 650.43pt>
File: figures/ch4/plots_findev_gini_dm-eps-converted-to.pdf Graphic file (type pdf)
<use figures/ch4/plots_findev_gini_dm-eps-converted-to.pdf>
Package pdftex.def Info: figures/ch4/plots_findev_gini_dm-eps-converted-to.pdf  used on input line 177.
(pdftex.def)             Requested size: 320.94846pt x 320.95648pt.
[116.126] [117.127 <./figures/ch4/plots_findev_gini_dm-eps-converted-to.pdf>] [118.128] [119.129] [120.130] [121.131] [122.132]
Package epstopdf Info: Source file: <figures/ch4/comp_baseline_pip_sel.eps>
(epstopdf)                    date: 2020-01-14 18:57:11
(epstopdf)                    size: 106933 bytes
(epstopdf)             Output file: <figures/ch4/comp_baseline_pip_sel-eps-converted-to.pdf>
(epstopdf)                    date: 2020-01-14 18:57:36
(epstopdf)                    size: 37486 bytes
(epstopdf)             Command: <epstopdf --outfile=figures/ch4/comp_baseline_pip_sel-eps-converted-to.pdf figures/ch4/comp_baseline_pip_sel.eps>
(epstopdf)             \includegraphics on input line 315.
Package epstopdf Info: Output file is already uptodate.


pdfTeX warning: pdflatex (file ./figures/ch4/comp_baseline_pip_sel-eps-converted-to.pdf): PDF inclusion: found PDF version <1.7>, but at most version <1.5> allowed
<figures/ch4/comp_baseline_pip_sel-eps-converted-to.pdf, id=2488, 650.43pt x 650.43pt>
File: figures/ch4/comp_baseline_pip_sel-eps-converted-to.pdf Graphic file (type pdf)
<use figures/ch4/comp_baseline_pip_sel-eps-converted-to.pdf>
Package pdftex.def Info: figures/ch4/comp_baseline_pip_sel-eps-converted-to.pdf  used on input line 315.
(pdftex.def)             Requested size: 320.94846pt x 320.95648pt.
Package epstopdf Info: Source file: <figures/ch4/topsh_comparison_all.eps>
(epstopdf)                    date: 2020-01-14 18:44:29
(epstopdf)                    size: 120791 bytes
(epstopdf)             Output file: <figures/ch4/topsh_comparison_all-eps-converted-to.pdf>
(epstopdf)                    date: 2020-01-14 18:45:06
(epstopdf)                    size: 41675 bytes
(epstopdf)             Command: <epstopdf --outfile=figures/ch4/topsh_comparison_all-eps-converted-to.pdf figures/ch4/topsh_comparison_all.eps>
(epstopdf)             \includegraphics on input line 326.
Package epstopdf Info: Output file is already uptodate.


pdfTeX warning: pdflatex (file ./figures/ch4/topsh_comparison_all-eps-converted-to.pdf): PDF inclusion: found PDF version <1.7>, but at most version <1.5> allowed
<figures/ch4/topsh_comparison_all-eps-converted-to.pdf, id=2490, 650.43pt x 433.62pt>
File: figures/ch4/topsh_comparison_all-eps-converted-to.pdf Graphic file (type pdf)
<use figures/ch4/topsh_comparison_all-eps-converted-to.pdf>
Package pdftex.def Info: figures/ch4/topsh_comparison_all-eps-converted-to.pdf  used on input line 326.
(pdftex.def)             Requested size: 401.18405pt x 267.45877pt.
[123.133 <./figures/ch4/comp_baseline_pip_sel-eps-converted-to.pdf>]
Package epstopdf Info: Source file: <figures/ch4/model_priors_comparison_gini.eps>
(epstopdf)                    date: 2020-01-14 18:41:08
(epstopdf)                    size: 124171 bytes
(epstopdf)             Output file: <figures/ch4/model_priors_comparison_gini-eps-converted-to.pdf>
(epstopdf)                    date: 2020-01-14 18:45:02
(epstopdf)                    size: 42980 bytes
(epstopdf)             Command: <epstopdf --outfile=figures/ch4/model_priors_comparison_gini-eps-converted-to.pdf figures/ch4/model_priors_comparison_gini.eps>
(epstopdf)             \includegraphics on input line 390.
Package epstopdf Info: Output file is already uptodate.


pdfTeX warning: pdflatex (file ./figures/ch4/model_priors_comparison_gini-eps-converted-to.pdf): PDF inclusion: found PDF version <1.7>, but at most version <1.5> allowed
<figures/ch4/model_priors_comparison_gini-eps-converted-to.pdf, id=2510, 650.43pt x 433.62pt>
File: figures/ch4/model_priors_comparison_gini-eps-converted-to.pdf Graphic file (type pdf)
<use figures/ch4/model_priors_comparison_gini-eps-converted-to.pdf>
Package pdftex.def Info: figures/ch4/model_priors_comparison_gini-eps-converted-to.pdf  used on input line 390.
(pdftex.def)             Requested size: 401.18405pt x 267.45877pt.
Package epstopdf Info: Source file: <figures/ch4/model_priors_comparison_top10.eps>
(epstopdf)                    date: 2020-01-14 18:41:11
(epstopdf)                    size: 124178 bytes
(epstopdf)             Output file: <figures/ch4/model_priors_comparison_top10-eps-converted-to.pdf>
(epstopdf)                    date: 2020-01-14 18:45:03
(epstopdf)                    size: 43021 bytes
(epstopdf)             Command: <epstopdf --outfile=figures/ch4/model_priors_comparison_top10-eps-converted-to.pdf figures/ch4/model_priors_comparison_top10.eps>
(epstopdf)             \includegraphics on input line 397.
Package epstopdf Info: Output file is already uptodate.


pdfTeX warning: pdflatex (file ./figures/ch4/model_priors_comparison_top10-eps-converted-to.pdf): PDF inclusion: found PDF version <1.7>, but at most version <1.5> allowed
<figures/ch4/model_priors_comparison_top10-eps-converted-to.pdf, id=2511, 650.43pt x 433.62pt>
File: figures/ch4/model_priors_comparison_top10-eps-converted-to.pdf Graphic file (type pdf)
<use figures/ch4/model_priors_comparison_top10-eps-converted-to.pdf>
Package pdftex.def Info: figures/ch4/model_priors_comparison_top10-eps-converted-to.pdf  used on input line 397.
(pdftex.def)             Requested size: 401.18405pt x 267.45877pt.
Package epstopdf Info: Source file: <figures/ch4/model_priors_comparison_top1.eps>
(epstopdf)                    date: 2020-01-14 18:41:16
(epstopdf)                    size: 124233 bytes
(epstopdf)             Output file: <figures/ch4/model_priors_comparison_top1-eps-converted-to.pdf>
(epstopdf)                    date: 2020-01-14 18:45:04
(epstopdf)                    size: 42940 bytes
(epstopdf)             Command: <epstopdf --outfile=figures/ch4/model_priors_comparison_top1-eps-converted-to.pdf figures/ch4/model_priors_comparison_top1.eps>
(epstopdf)             \includegraphics on input line 404.
Package epstopdf Info: Output file is already uptodate.


pdfTeX warning: pdflatex (file ./figures/ch4/model_priors_comparison_top1-eps-converted-to.pdf): PDF inclusion: found PDF version <1.7>, but at most version <1.5> allowed
<figures/ch4/model_priors_comparison_top1-eps-converted-to.pdf, id=2512, 650.43pt x 433.62pt>
File: figures/ch4/model_priors_comparison_top1-eps-converted-to.pdf Graphic file (type pdf)
<use figures/ch4/model_priors_comparison_top1-eps-converted-to.pdf>
Package pdftex.def Info: figures/ch4/model_priors_comparison_top1-eps-converted-to.pdf  used on input line 404.
(pdftex.def)             Requested size: 401.18405pt x 267.45877pt.
[124.134 <./figures/ch4/topsh_comparison_all-eps-converted-to.pdf>] [125.135]

LaTeX Warning: Text page 126 contains only floats.

[126.136 <./figures/ch4/model_priors_comparison_gini-eps-converted-to.pdf> <./figures/ch4/model_priors_comparison_top10-eps-converted-to.pdf>] [127.137 <./figures/ch4/model_priors_comparison_top1-eps-converted-to.pdf>] [128.138] [129.139

] [130.140] [131.141] [132.142] [133.143]
Overfull \hbox (36.43172pt too wide) in alignment at lines 499--523
 [] [] [] 
 []


Underfull \hbox (badness 1077) in paragraph at lines 539--539
[]|\T1/lmr/m/n/10 return on banks' as-sets plus the ra-tio of
 []


Underfull \hbox (badness 1394) in paragraph at lines 539--539
\T1/lmr/m/n/10 banks' eq-uity and as-sets, di-vided by the
 []


Overfull \hbox (36.43172pt too wide) in alignment at lines 523--545
 [] [] [] 
 []


Overfull \hbox (36.43172pt too wide) in alignment at lines 545--548
 [] [] [] 
 []

[134.144

] [135.145]
Package biblatex Info: Reference section=0 on input line 552.
)
\blx@maxsegment@5=\count479
\blx@sectionciteorder@5=\count480
Package biblatex Info: Reference section=5 on input line 163.
Package biblatex Info: Setting label 'refsection:5' on input line 163.
 [136.146] (03_Backmatter/01_App.tex
Appendix A.
[1.147


] [2.148]
Package acronym Info: Label `acro:BIS' newly defined as it shall be overridden
although it is yet undefined on input line 36.
 [3.149]
Package epstopdf Info: Source file: <figures/app/totalcredit_bankcredit.eps>
(epstopdf)                    date: 2020-07-11 18:29:55
(epstopdf)                    size: 57202 bytes
(epstopdf)             Output file: <figures/app/totalcredit_bankcredit-eps-converted-to.pdf>
(epstopdf)                    date: 2020-07-11 21:55:10
(epstopdf)                    size: 19653 bytes
(epstopdf)             Command: <epstopdf --outfile=figures/app/totalcredit_bankcredit-eps-converted-to.pdf figures/app/totalcredit_bankcredit.eps>
(epstopdf)             \includegraphics on input line 43.
Package epstopdf Info: Output file is already uptodate.


pdfTeX warning: pdflatex (file ./figures/app/totalcredit_bankcredit-eps-converted-to.pdf): PDF inclusion: found PDF version <1.7>, but at most version <1.5> allowed
<figures/app/totalcredit_bankcredit-eps-converted-to.pdf, id=2685, 505.89pt x 361.35pt>
File: figures/app/totalcredit_bankcredit-eps-converted-to.pdf Graphic file (type pdf)
<use figures/app/totalcredit_bankcredit-eps-converted-to.pdf>
Package pdftex.def Info: figures/app/totalcredit_bankcredit-eps-converted-to.pdf  used on input line 43.
(pdftex.def)             Requested size: 320.94846pt x 229.25069pt.
[4.150 <./figures/app/totalcredit_bankcredit-eps-converted-to.pdf>]
Package acronym Info: Label `acro:IMF' newly defined as it shall be overridden
although it is yet undefined on input line 79.
 [5.151] [6.152] [7.153] [8.154] [9.155]
Package acronym Info: Label `acro:ch4' newly defined as it shall be overridden
although it is yet undefined on input line 217.


Package acronym Warning: Acronym `ch4' is not defined on input line 217.


Package acronym Warning: Acronym `ch4' is not defined on input line 217.

[10.156] [11.157] [12.158] [13.159] [14.160]
Overfull \hbox (3.83168pt too wide) in paragraph at lines 303--304
\T1/lmr/m/n/12 choice, and their qual-i-fi-ca-tion may al-most uni-ver-sally be dis-puted ([]Deaton,
 []

[15.161] [16.162] [17.163]) [18.164

]
Package biblatex Info: Reference section=0 on input line 182.
Package atveryend Info: Empty hook `BeforeClearDocument' on input line 183.
Package atveryend Info: Empty hook `AfterLastShipout' on input line 183.
 (Thesis.aux)
Package atveryend Info: Executing hook `AtVeryEndDocument' on input line 183.
Package atveryend Info: Executing hook `AtEndAfterFileList' on input line 183.
Package rerunfilecheck Info: File `Thesis.out' has not changed.
(rerunfilecheck)             Checksum: 8F1663F7CD250F5068C94E20F077CFA7;11112.


LaTeX Font Warning: Some font shapes were not available, defaults substituted.

Package logreq Info: Writing requests to 'Thesis.run.xml'.
\openout1 = `Thesis.run.xml'.

Package atveryend Info: Empty hook `AtVeryVeryEnd' on input line 183.
 ) 
Here is how much of TeX's memory you used:
 28373 strings out of 480765
 470154 string characters out of 2904236
 1184959 words of memory out of 3000000
 43101 multiletter control sequences out of 15000+200000
 662560 words of font info for 103 fonts, out of 3000000 for 9000
 1143 hyphenation exceptions out of 8191
 52i,18n,75p,2981b,4720s stack positions out of 5000i,500n,10000p,200000b,50000s
pdfTeX warning (dest): name{Hfootnote.45} has been referenced but does not exist, replaced by a fixed one

pdfTeX warning (dest): name{Hfootnote.44} has been referenced but does not exist, replaced by a fixed one

pdfTeX warning (dest): name{Hfootnote.43} has been referenced but does not exist, replaced by a fixed one

pdfTeX warning (dest): name{Hfootnote.42} has been referenced but does not exist, replaced by a fixed one

pdfTeX warning (dest): name{Hfootnote.41} has been referenced but does not exist, replaced by a fixed one

pdfTeX warning (dest): name{Hfootnote.40} has been referenced but does not exist, replaced by a fixed one

pdfTeX warning (dest): name{Hfootnote.39} has been referenced but does not exist, replaced by a fixed one

pdfTeX warning (dest): name{Hfootnote.38} has been referenced but does not exist, replaced by a fixed one

pdfTeX warning (dest): name{Hfootnote.37} has been referenced but does not exist, replaced by a fixed one

pdfTeX warning (dest): name{Hfootnote.36} has been referenced but does not exist, replaced by a fixed one

pdfTeX warning (dest): name{Hfootnote.35} has been referenced but does not exist, replaced by a fixed one

pdfTeX warning (dest): name{Hfootnote.34} has been referenced but does not exist, replaced by a fixed one

pdfTeX warning (dest): name{Hfootnote.33} has been referenced but does not exist, replaced by a fixed one

pdfTeX warning (dest): name{Hfootnote.32} has been referenced but does not exist, replaced by a fixed one

pdfTeX warning (dest): name{Hfootnote.31} has been referenced but does not exist, replaced by a fixed one

pdfTeX warning (dest): name{Hfootnote.30} has been referenced but does not exist, replaced by a fixed one

pdfTeX warning (dest): name{Hfootnote.29} has been referenced but does not exist, replaced by a fixed one

pdfTeX warning (dest): name{Hfootnote.28} has been referenced but does not exist, replaced by a fixed one

pdfTeX warning (dest): name{Hfootnote.27} has been referenced but does not exist, replaced by a fixed one

pdfTeX warning (dest): name{Hfootnote.26} has been referenced but does not exist, replaced by a fixed one

pdfTeX warning (dest): name{Hfootnote.25} has been referenced but does not exist, replaced by a fixed one

pdfTeX warning (dest): name{Hfootnote.24} has been referenced but does not exist, replaced by a fixed one

pdfTeX warning (dest): name{Hfootnote.23} has been referenced but does not exist, replaced by a fixed one

pdfTeX warning (dest): name{Hfootnote.22} has been referenced but does not exist, replaced by a fixed one

pdfTeX warning (dest): name{Hfootnote.21} has been referenced but does not exist, replaced by a fixed one

pdfTeX warning (dest): name{Hfootnote.20} has been referenced but does not exist, replaced by a fixed one

pdfTeX warning (dest): name{Hfootnote.19} has been referenced but does not exist, replaced by a fixed one

pdfTeX warning (dest): name{Hfootnote.18} has been referenced but does not exist, replaced by a fixed one

pdfTeX warning (dest): name{Hfootnote.17} has been referenced but does not exist, replaced by a fixed one

pdfTeX warning (dest): name{Hfootnote.16} has been referenced but does not exist, replaced by a fixed one

pdfTeX warning (dest): name{Hfootnote.15} has been referenced but does not exist, replaced by a fixed one

pdfTeX warning (dest): name{Hfootnote.14} has been referenced but does not exist, replaced by a fixed one

pdfTeX warning (dest): name{Hfootnote.13} has been referenced but does not exist, replaced by a fixed one

pdfTeX warning (dest): name{Hfootnote.12} has been referenced but does not exist, replaced by a fixed one

pdfTeX warning (dest): name{Hfootnote.11} has been referenced but does not exist, replaced by a fixed one

pdfTeX warning (dest): name{Hfootnote.10} has been referenced but does not exist, replaced by a fixed one

pdfTeX warning (dest): name{Hfootnote.9} has been referenced but does not exist, replaced by a fixed one

pdfTeX warning (dest): name{Hfootnote.8} has been referenced but does not exist, replaced by a fixed one

pdfTeX warning (dest): name{Hfootnote.7} has been referenced but does not exist, replaced by a fixed one

pdfTeX warning (dest): name{Hfootnote.6} has been referenced but does not exist, replaced by a fixed one

pdfTeX warning (dest): name{Hfootnote.5} has been referenced but does not exist, replaced by a fixed one

pdfTeX warning (dest): name{Hfootnote.4} has been referenced but does not exist, replaced by a fixed one

pdfTeX warning (dest): name{Hfootnote.3} has been referenced but does not exist, replaced by a fixed one

pdfTeX warning (dest): name{Hfootnote.2} has been referenced but does not exist, replaced by a fixed one

pdfTeX warning (dest): name{Hfootnote.1} has been referenced but does not exist, replaced by a fixed one

{C:/Program Files/MiKTeX 2.9/fonts/enc/dvips/lm/lm-ec.enc}{C:/Program Files/MiKTeX 2.9/fonts/enc/dvips/lm/lm-mathsy.enc}{C:/Program Files/MiKTeX 2.9/fonts/enc/dvips/lm/lm-mathit.enc}{C:/Program Files/MiKTeX 2.9/fonts/enc/dvips/lm/lm-rm.enc}{C:/Program Files/MiKTeX 2.9/fonts/enc/dvips/lm/lm-mathex.enc}{C:/Program Files/MiKTeX 2.9/fonts/enc/dvips/lm/lm-ts1.enc}<C:/Program Files/MiKTeX 2.9/fonts/type1/public/lm/lmbx10.pfb><C:/Program Files/MiKTeX 2.9/fonts/type1/public/lm/lmbx12.pfb><C:/Program Files/MiKTeX 2.9/fonts/type1/public/lm/lmbxi10.pfb><C:/Program Files/MiKTeX 2.9/fonts/type1/public/lm/lmcsc10.pfb><C:/Program Files/MiKTeX 2.9/fonts/type1/public/lm/lmex10.pfb><C:/Program Files/MiKTeX 2.9/fonts/type1/public/lm/lmmi10.pfb><C:/Program Files/MiKTeX 2.9/fonts/type1/public/lm/lmmi12.pfb><C:/Program Files/MiKTeX 2.9/fonts/type1/public/lm/lmmi6.pfb><C:/Program Files/MiKTeX 2.9/fonts/type1/public/lm/lmmi7.pfb><C:/Program Files/MiKTeX 2.9/fonts/type1/public/lm/lmmi8.pfb><C:/Program Files/MiKTeX 2.9/fonts/type1/public/lm/lmr10.pfb><C:/Program Files/MiKTeX 2.9/fonts/type1/public/lm/lmr12.pfb><C:/Program Files/MiKTeX 2.9/fonts/type1/public/lm/lmr17.pfb><C:/Program Files/MiKTeX 2.9/fonts/type1/public/lm/lmr6.pfb><C:/Program Files/MiKTeX 2.9/fonts/type1/public/lm/lmr7.pfb><C:/Program Files/MiKTeX 2.9/fonts/type1/public/lm/lmr8.pfb><C:/Program Files/MiKTeX 2.9/fonts/type1/public/lm/lmri10.pfb><C:/Program Files/MiKTeX 2.9/fonts/type1/public/lm/lmri12.pfb><C:/Program Files/MiKTeX 2.9/fonts/type1/public/lm/lmri8.pfb><C:/Program Files/MiKTeX 2.9/fonts/type1/public/lm/lmss10.pfb><C:/Program Files/MiKTeX 2.9/fonts/type1/public/lm/lmss12.pfb><C:/Program Files/MiKTeX 2.9/fonts/type1/public/lm/lmss17.pfb><C:/Program Files/MiKTeX 2.9/fonts/type1/public/lm/lmssbx10.pfb><C:/Program Files/MiKTeX 2.9/fonts/type1/public/lm/lmsy10.pfb><C:/Program Files/MiKTeX 2.9/fonts/type1/public/lm/lmsy6.pfb><C:/Program Files/MiKTeX 2.9/fonts/type1/public/lm/lmsy7.pfb><C:/Program Files/MiKTeX 2.9/fonts/type1/public/lm/lmsy8.pfb><C:/Program Files/MiKTeX 2.9/fonts/type1/public/lm/lmtt10.pfb><C:/Program Files/MiKTeX 2.9/fonts/type1/public/lm/lmtt12.pfb>
Output written on Thesis.pdf (164 pages, 2095753 bytes).
PDF statistics:
 3105 PDF objects out of 3580 (max. 8388607)
 736 named destinations out of 1000 (max. 500000)
 596 words of extra memory for PDF output out of 10000 (max. 10000000)

