\BOOKMARK [0][-]{toc.0}{\376\377\000C\000o\000n\000t\000e\000n\000t\000s}{}% 1
\BOOKMARK [0][-]{section*.8}{\376\377\000L\000i\000s\000t\000\040\000o\000f\000\040\000T\000a\000b\000l\000e\000s}{}% 2
\BOOKMARK [0][-]{section*.13}{\376\377\000L\000i\000s\000t\000\040\000o\000f\000\040\000F\000i\000g\000u\000r\000e\000s}{}% 3
\BOOKMARK [0][-]{section*.16}{\376\377\000A\000c\000r\000o\000n\000y\000m\000s}{}% 4
\BOOKMARK [0][-]{chapter.1}{\376\377\0001\000\040\000S\000u\000m\000m\000a\000r\000y\000\040\000o\000f\000\040\000t\000h\000e\000\040\000d\000i\000s\000s\000e\000r\000t\000a\000t\000i\000o\000n}{}% 5
\BOOKMARK [1][-]{section*.19}{\376\377\000R\000e\000f\000e\000r\000e\000n\000c\000e\000s}{chapter.1}% 6
\BOOKMARK [0][-]{chapter.2}{\376\377\0002\000\040\000W\000h\000a\000t\000\040\000T\000y\000p\000e\000\040\000o\000f\000\040\000F\000i\000n\000a\000n\000c\000e\000\040\000M\000a\000t\000t\000e\000r\000s\000\040\000f\000o\000r\000\040\000G\000r\000o\000w\000t\000h\000?\000\040\000B\000M\000A\000\040\000E\000v\000i\000d\000e\000n\000c\000e}{}% 7
\BOOKMARK [1][-]{section.2.1}{\376\377\0002\000.\0001\000\040\000I\000n\000t\000r\000o\000d\000u\000c\000t\000i\000o\000n}{chapter.2}% 8
\BOOKMARK [1][-]{section.2.2}{\376\377\0002\000.\0002\000\040\000E\000m\000p\000i\000r\000i\000c\000a\000l\000\040\000L\000i\000t\000e\000r\000a\000t\000u\000r\000e\000\040\000o\000n\000\040\000F\000i\000n\000a\000n\000c\000e\000\040\000a\000n\000d\000\040\000G\000r\000o\000w\000t\000h}{chapter.2}% 9
\BOOKMARK [2][-]{subsection.2.2.1}{\376\377\0002\000.\0002\000.\0001\000\040\000E\000m\000p\000i\000r\000i\000c\000a\000l\000\040\000E\000v\000i\000d\000e\000n\000c\000e}{section.2.2}% 10
\BOOKMARK [2][-]{subsection.2.2.2}{\376\377\0002\000.\0002\000.\0002\000\040\000M\000e\000a\000s\000u\000r\000e\000m\000e\000n\000t\000\040\000o\000f\000\040\000F\000i\000n\000a\000n\000c\000i\000a\000l\000\040\000D\000e\000v\000e\000l\000o\000p\000m\000e\000n\000t}{section.2.2}% 11
\BOOKMARK [1][-]{section.2.3}{\376\377\0002\000.\0003\000\040\000D\000a\000t\000a}{chapter.2}% 12
\BOOKMARK [1][-]{section.2.4}{\376\377\0002\000.\0004\000\040\000B\000a\000y\000e\000s\000i\000a\000n\000\040\000M\000o\000d\000e\000l\000\040\000A\000v\000e\000r\000a\000g\000i\000n\000g}{chapter.2}% 13
\BOOKMARK [2][-]{subsection.2.4.1}{\376\377\0002\000.\0004\000.\0001\000\040\000P\000o\000s\000t\000e\000r\000i\000o\000r\000\040\000M\000o\000d\000e\000l\000\040\000P\000r\000o\000b\000a\000b\000i\000l\000i\000t\000y}{section.2.4}% 14
\BOOKMARK [2][-]{subsection.2.4.2}{\376\377\0002\000.\0004\000.\0002\000\040\000P\000o\000s\000t\000e\000r\000i\000o\000r\000\040\000M\000e\000a\000n}{section.2.4}% 15
\BOOKMARK [2][-]{subsection.2.4.3}{\376\377\0002\000.\0004\000.\0003\000\040\000P\000o\000s\000t\000e\000r\000i\000o\000r\000\040\000V\000a\000r\000i\000a\000n\000c\000e}{section.2.4}% 16
\BOOKMARK [2][-]{subsection.2.4.4}{\376\377\0002\000.\0004\000.\0004\000\040\000M\000a\000r\000g\000i\000n\000a\000l\000\040\000L\000i\000k\000e\000l\000i\000h\000o\000o\000d}{section.2.4}% 17
\BOOKMARK [2][-]{subsection.2.4.5}{\376\377\0002\000.\0004\000.\0005\000\040\000P\000o\000s\000t\000e\000r\000i\000o\000r\000\040\000I\000n\000c\000l\000u\000s\000i\000o\000n\000\040\000P\000r\000o\000b\000a\000b\000i\000l\000i\000t\000y}{section.2.4}% 18
\BOOKMARK [2][-]{subsection.2.4.6}{\376\377\0002\000.\0004\000.\0006\000\040\000P\000r\000i\000o\000r\000s}{section.2.4}% 19
\BOOKMARK [2][-]{subsection.2.4.7}{\376\377\0002\000.\0004\000.\0007\000\040\000M\000C\000M\000C\000\040\000S\000a\000m\000p\000l\000e\000r}{section.2.4}% 20
\BOOKMARK [1][-]{section.2.5}{\376\377\0002\000.\0005\000\040\000R\000e\000s\000u\000l\000t\000s}{chapter.2}% 21
\BOOKMARK [2][-]{subsection.2.5.1}{\376\377\0002\000.\0005\000.\0001\000\040\000P\000r\000i\000v\000a\000t\000e\000\040\000C\000r\000e\000d\000i\000t}{section.2.5}% 22
\BOOKMARK [2][-]{subsection.2.5.2}{\376\377\0002\000.\0005\000.\0002\000\040\000N\000e\000w\000\040\000F\000i\000n\000a\000n\000c\000i\000a\000l\000\040\000D\000e\000v\000e\000l\000o\000p\000m\000e\000n\000t\000\040\000I\000n\000d\000i\000c\000a\000t\000o\000r\000s}{section.2.5}% 23
\BOOKMARK [2][-]{subsection.2.5.3}{\376\377\0002\000.\0005\000.\0003\000\040\000N\000o\000n\040\023\000l\000i\000n\000e\000a\000r\000i\000t\000i\000e\000s\000\040\000i\000n\000\040\000F\000i\000n\000a\000n\000c\000e\000\040\000a\000n\000d\000\040\000G\000r\000o\000w\000t\000h\000\040\000N\000e\000x\000u\000s}{section.2.5}% 24
\BOOKMARK [1][-]{section.2.6}{\376\377\0002\000.\0006\000\040\000C\000o\000n\000c\000l\000u\000s\000i\000o\000n\000s}{chapter.2}% 25
\BOOKMARK [1][-]{section*.38}{\376\377\000R\000e\000f\000e\000r\000e\000n\000c\000e\000s}{chapter.2}% 26
\BOOKMARK [1][-]{section.1.2.A}{\376\377\0002\000.\000A\000\040\000D\000e\000s\000c\000r\000i\000p\000t\000i\000o\000n\000\040\000o\000f\000\040\000t\000h\000e\000\040\000D\000a\000t\000a\000s\000e\000t}{chapter.2}% 27
\BOOKMARK [1][-]{section.1.2.B}{\376\377\0002\000.\000B\000\040\000J\000o\000i\000n\000t\000n\000e\000s\000s\000\040\000o\000f\000\040\000f\000i\000n\000a\000n\000c\000i\000a\000l\000\040\000i\000n\000d\000i\000c\000a\000t\000o\000r\000s}{chapter.2}% 28
\BOOKMARK [0][-]{appendix.3}{\376\377\0003\000\040\000F\000i\000n\000a\000n\000c\000e\000\040\000a\000n\000d\000\040\000W\000e\000a\000l\000t\000h\000\040\000I\000n\000e\000q\000u\000a\000l\000i\000t\000y}{}% 29
\BOOKMARK [1][-]{section.3.1}{\376\377\0003\000.\0001\000\040\000I\000n\000t\000r\000o\000d\000u\000c\000t\000i\000o\000n}{appendix.3}% 30
\BOOKMARK [1][-]{section.3.2}{\376\377\0003\000.\0002\000\040\000R\000e\000l\000a\000t\000e\000d\000\040\000l\000i\000t\000e\000r\000a\000t\000u\000r\000e}{appendix.3}% 31
\BOOKMARK [1][-]{section.3.3}{\376\377\0003\000.\0003\000\040\000D\000a\000t\000a}{appendix.3}% 32
\BOOKMARK [2][-]{subsection.3.3.1}{\376\377\0003\000.\0003\000.\0001\000\040\000C\000S\000W\000D}{section.3.3}% 33
\BOOKMARK [1][-]{section.3.4}{\376\377\0003\000.\0004\000\040\000B\000a\000y\000e\000s\000i\000a\000n\000\040\000M\000o\000d\000e\000l\000\040\000A\000v\000e\000r\000a\000g\000i\000n\000g}{appendix.3}% 34
\BOOKMARK [1][-]{section.3.5}{\376\377\0003\000.\0005\000\040\000R\000e\000s\000u\000l\000t\000s}{appendix.3}% 35
\BOOKMARK [2][-]{subsection.3.5.1}{\376\377\0003\000.\0005\000.\0001\000\040\000B\000a\000s\000e\000l\000i\000n\000e\000\040\000e\000s\000t\000i\000m\000a\000t\000i\000o\000n}{section.3.5}% 36
\BOOKMARK [2][-]{subsection.3.5.2}{\376\377\0003\000.\0005\000.\0002\000\040\000H\000i\000g\000h\000\040\000v\000s\000.\000\040\000l\000o\000w\000-\000i\000n\000c\000o\000m\000e\000\040\000c\000o\000u\000n\000t\000r\000i\000e\000s}{section.3.5}% 37
\BOOKMARK [2][-]{subsection.3.5.3}{\376\377\0003\000.\0005\000.\0003\000\040\000E\000n\000d\000o\000g\000e\000n\000e\000i\000t\000y\000\040\000i\000s\000s\000u\000e\000s}{section.3.5}% 38
\BOOKMARK [1][-]{section.3.6}{\376\377\0003\000.\0006\000\040\000C\000o\000n\000c\000l\000u\000d\000i\000n\000g\000\040\000R\000e\000m\000a\000r\000k\000s}{appendix.3}% 39
\BOOKMARK [1][-]{section*.71}{\376\377\000R\000e\000f\000e\000r\000e\000n\000c\000e\000s}{appendix.3}% 40
\BOOKMARK [1][-]{section.2.3.A}{\376\377\0003\000.\000A\000\040\000A\000d\000d\000i\000t\000i\000o\000n\000a\000l\000\040\000r\000e\000s\000u\000l\000t\000s\000\040\000a\000n\000d\000\040\000r\000o\000b\000u\000s\000t\000n\000e\000s\000s\000\040\000c\000h\000e\000c\000k\000s}{appendix.3}% 41
\BOOKMARK [1][-]{section.2.3.B}{\376\377\0003\000.\000B\000\040\000D\000a\000t\000a\000\040\000d\000e\000s\000c\000r\000i\000p\000t\000i\000o\000n}{appendix.3}% 42
\BOOKMARK [1][-]{section.2.3.C}{\376\377\0003\000.\000C\000\040\000F\000u\000l\000l\000\040\000d\000e\000t\000a\000i\000l\000\040\000o\000n\000\040\000t\000h\000e\000\040\000B\000M\000A}{appendix.3}% 43
\BOOKMARK [0][-]{appendix.4}{\376\377\0004\000\040\000F\000i\000n\000a\000n\000c\000e\000\040\000a\000n\000d\000\040\000I\000n\000e\000q\000u\000a\000l\000i\000t\000y\000\040\000-\000\040\000p\000a\000n\000e\000l\000\040\000B\000M\000A\000\040\000a\000p\000p\000r\000o\000a\000c\000h}{}% 44
\BOOKMARK [1][-]{section.4.1}{\376\377\0004\000.\0001\000\040\000I\000n\000t\000r\000o\000d\000u\000c\000t\000i\000o\000n}{appendix.4}% 45
\BOOKMARK [1][-]{section.4.2}{\376\377\0004\000.\0002\000\040\000D\000a\000t\000a\000\040\000a\000n\000d\000\040\000m\000e\000t\000h\000o\000d\000o\000l\000o\000g\000y}{appendix.4}% 46
\BOOKMARK [1][-]{section.4.3}{\376\377\0004\000.\0003\000\040\000R\000e\000s\000u\000l\000t\000s}{appendix.4}% 47
\BOOKMARK [2][-]{subsection.4.3.1}{\376\377\0004\000.\0003\000.\0001\000\040\000G\000i\000n\000i\000\040\000i\000n\000d\000e\000x\000\040\000o\000f\000\040\000i\000n\000c\000o\000m\000e\000\040\000d\000i\000s\000t\000r\000i\000b\000u\000t\000i\000o\000n}{section.4.3}% 48
\BOOKMARK [2][-]{subsection.4.3.2}{\376\377\0004\000.\0003\000.\0002\000\040\000T\000o\000p\000\040\000i\000n\000c\000o\000m\000e\000\040\000s\000h\000a\000r\000e\000s}{section.4.3}% 49
\BOOKMARK [2][-]{subsection.4.3.3}{\376\377\0004\000.\0003\000.\0003\000\040\000R\000o\000b\000u\000s\000t\000n\000e\000s\000s\000\040\000c\000h\000e\000c\000k\000s}{section.4.3}% 50
\BOOKMARK [1][-]{section.4.4}{\376\377\0004\000.\0004\000\040\000C\000o\000n\000c\000l\000u\000s\000i\000o\000n\000s}{appendix.4}% 51
\BOOKMARK [1][-]{section*.109}{\376\377\000R\000e\000f\000e\000r\000e\000n\000c\000e\000s}{appendix.4}% 52
\BOOKMARK [1][-]{section.3.4.A}{\376\377\0004\000.\000A\000\040\000T\000h\000e\000\040\000c\000o\000m\000p\000o\000s\000i\000t\000i\000o\000n\000\040\000o\000f\000\040\000f\000i\000n\000a\000n\000c\000i\000a\000l\000\040\000i\000n\000d\000i\000c\000a\000t\000o\000r\000s}{appendix.4}% 53
\BOOKMARK [1][-]{section.3.4.B}{\376\377\0004\000.\000B\000\040\000D\000a\000t\000a\000s\000e\000t\000\040\000d\000e\000s\000c\000r\000i\000p\000t\000i\000o\000n}{appendix.4}% 54
\BOOKMARK [0][-]{appendix.A}{\376\377\000A\000\040\000R\000e\000s\000p\000o\000n\000s\000e\000\040\000t\000o\000\040\000t\000h\000e\000\040\000r\000e\000f\000e\000r\000e\000e\000s}{}% 55
\BOOKMARK [1][-]{section.A.1}{\376\377\000A\000.\0001\000\040\000D\000o\000c\000.\000\040\000P\000h\000D\000r\000.\000\040\000A\000d\000a\000m\000\040\000G\000e\000r\001\141\000l\000\040\000P\000h\000.\000D\000.}{appendix.A}% 56
\BOOKMARK [1][-]{section.A.2}{\376\377\000A\000.\0002\000\040\000P\000r\000o\000f\000.\000\040\000D\000r\000.\000\040\000A\000n\000s\000g\000a\000r\000\040\000H\000.\000\040\000B\000e\000l\000k\000e}{appendix.A}% 57
\BOOKMARK [1][-]{section.A.3}{\376\377\000A\000.\0003\000\040\000M\000a\000r\000t\000i\000n\000\040\001\014\000i\000h\000\341\000k\000\040\000P\000h\000.\000D\000.}{appendix.A}% 58
