This is pdfTeX, Version 3.14159265-2.6-1.40.21 (MiKTeX 2.9.7300 64-bit) (preloaded format=pdflatex 2020.2.13)  16 MAR 2020 22:31
entering extended mode
**"c:/Users/JM/Documents/GitHub/dissertation/Notes/Notes - reports.tex"
("c:/Users/JM/Documents/GitHub/dissertation/Notes/Notes - reports.tex"
LaTeX2e <2020-02-02> patch level 1
L3 programming layer <2020-02-08> ("C:\Program Files\MiKTeX 2.9\tex/latex/base\article.cls"
Document Class: article 2019/12/20 v1.4l Standard LaTeX document class
("C:\Program Files\MiKTeX 2.9\tex/latex/base\size11.clo"
File: size11.clo 2019/12/20 v1.4l Standard LaTeX file (size option)
)
\c@part=\count167
\c@section=\count168
\c@subsection=\count169
\c@subsubsection=\count170
\c@paragraph=\count171
\c@subparagraph=\count172
\c@figure=\count173
\c@table=\count174
\abovecaptionskip=\skip47
\belowcaptionskip=\skip48
\bibindent=\dimen134
) ("C:\Program Files\MiKTeX 2.9\tex/latex/graphics\graphicx.sty"
Package: graphicx 2019/11/30 v1.2a Enhanced LaTeX Graphics (DPC,SPQR)
 ("C:\Program Files\MiKTeX 2.9\tex/latex/graphics\keyval.sty"
Package: keyval 2014/10/28 v1.15 key=value parser (DPC)
\KV@toks@=\toks14
) ("C:\Program Files\MiKTeX 2.9\tex/latex/graphics\graphics.sty"
Package: graphics 2019/11/30 v1.4a Standard LaTeX Graphics (DPC,SPQR)
 ("C:\Program Files\MiKTeX 2.9\tex/latex/graphics\trig.sty"
Package: trig 2016/01/03 v1.10 sin cos tan (DPC)
) ("C:\Program Files\MiKTeX 2.9\tex/latex/graphics-cfg\graphics.cfg"
File: graphics.cfg 2016/06/04 v1.11 sample graphics configuration
)
Package graphics Info: Driver file: pdftex.def on input line 105.
 ("C:\Program Files\MiKTeX 2.9\tex/latex/graphics-def\pdftex.def"
File: pdftex.def 2018/01/08 v1.0l Graphics/color driver for pdftex
))
\Gin@req@height=\dimen135
\Gin@req@width=\dimen136
) ("C:\Program Files\MiKTeX 2.9\tex/latex/biblatex\biblatex.sty"
Package: biblatex 2019/12/01 v3.14 programmable bibliographies (PK/MW)
 ("C:\Program Files\MiKTeX 2.9\tex/latex/pdftexcmds\pdftexcmds.sty"
Package: pdftexcmds 2019/11/24 v0.31 Utility functions of pdfTeX for LuaTeX (HO)
 ("C:\Program Files\MiKTeX 2.9\tex/generic/infwarerr\infwarerr.sty"
Package: infwarerr 2019/12/03 v1.5 Providing info/warning/error messages (HO)
) ("C:\Program Files\MiKTeX 2.9\tex/generic/iftex\iftex.sty"
Package: iftex 2019/11/07 v1.0c TeX engine tests
) ("C:\Program Files\MiKTeX 2.9\tex/generic/ltxcmds\ltxcmds.sty"
Package: ltxcmds 2019/12/15 v1.24 LaTeX kernel commands for general use (HO)
)
Package pdftexcmds Info: \pdf@primitive is available.
Package pdftexcmds Info: \pdf@ifprimitive is available.
Package pdftexcmds Info: \pdfdraftmode found.
) ("C:\Program Files\MiKTeX 2.9\tex/latex/etoolbox\etoolbox.sty"
Package: etoolbox 2019/09/21 v2.5h e-TeX tools for LaTeX (JAW)
\etb@tempcnta=\count175
) ("C:\Program Files\MiKTeX 2.9\tex/latex/kvoptions\kvoptions.sty"
Package: kvoptions 2019/11/29 v3.13 Key value format for package options (HO)
 ("C:\Program Files\MiKTeX 2.9\tex/generic/kvsetkeys\kvsetkeys.sty"
Package: kvsetkeys 2019/12/15 v1.18 Key value parser (HO)
)) ("C:\Program Files\MiKTeX 2.9\tex/latex/logreq\logreq.sty"
Package: logreq 2010/08/04 v1.0 xml request logger
\lrq@indent=\count176
 ("C:\Program Files\MiKTeX 2.9\tex/latex/logreq\logreq.def"
File: logreq.def 2010/08/04 v1.0 logreq spec v1.0
)) ("C:\Program Files\MiKTeX 2.9\tex/latex/base\ifthen.sty"
Package: ifthen 2014/09/29 v1.1c Standard LaTeX ifthen package (DPC)
) ("C:\Program Files\MiKTeX 2.9\tex/latex/url\url.sty"
\Urlmuskip=\muskip16
Package: url 2013/09/16  ver 3.4  Verb mode for urls, etc.
)
\c@tabx@nest=\count177
\c@listtotal=\count178
\c@listcount=\count179
\c@liststart=\count180
\c@liststop=\count181
\c@citecount=\count182
\c@citetotal=\count183
\c@multicitecount=\count184
\c@multicitetotal=\count185
\c@instcount=\count186
\c@maxnames=\count187
\c@minnames=\count188
\c@maxitems=\count189
\c@minitems=\count190
\c@citecounter=\count191
\c@maxcitecounter=\count192
\c@savedcitecounter=\count193
\c@uniquelist=\count194
\c@uniquename=\count195
\c@refsection=\count196
\c@refsegment=\count197
\c@maxextratitle=\count198
\c@maxextratitleyear=\count199
\c@maxextraname=\count266
\c@maxextradate=\count267
\c@maxextraalpha=\count268
\c@abbrvpenalty=\count269
\c@highnamepenalty=\count270
\c@lownamepenalty=\count271
\c@maxparens=\count272
\c@parenlevel=\count273
\blx@tempcnta=\count274
\blx@tempcntb=\count275
\blx@tempcntc=\count276
\blx@maxsection=\count277
\blx@maxsegment@0=\count278
\blx@notetype=\count279
\blx@parenlevel@text=\count280
\blx@parenlevel@foot=\count281
\blx@sectionciteorder@0=\count282
\blx@entrysetcounter=\count283
\labelnumberwidth=\skip49
\labelalphawidth=\skip50
\biblabelsep=\skip51
\bibitemsep=\skip52
\bibnamesep=\skip53
\bibinitsep=\skip54
\bibparsep=\skip55
\bibhang=\skip56
\blx@bcfin=\read2
\blx@bcfout=\write3
\blx@langwohyphens=\language82
\c@mincomprange=\count284
\c@maxcomprange=\count285
\c@mincompwidth=\count286
Package biblatex Info: Trying to load biblatex default data model...
Package biblatex Info: ... file 'blx-dm.def' found.
 ("C:\Program Files\MiKTeX 2.9\tex/latex/biblatex\blx-dm.def"
File: blx-dm.def 2019/12/01 v3.14 biblatex localization (PK/MW)
)
Package biblatex Info: Trying to load biblatex style data model...
Package biblatex Info: ... file 'apa.dbx' found.
 ("C:\Program Files\MiKTeX 2.9\tex/latex/biblatex-apa\apa.dbx"
File: apa.dbx 2020/02/01 v9.5 APA biblatex style data model
)
Package biblatex Info: Trying to load biblatex custom data model...
Package biblatex Info: ... file 'biblatex-dm.cfg' not found.
\c@afterword=\count287
\c@savedafterword=\count288
\c@annotator=\count289
\c@savedannotator=\count290
\c@author=\count291
\c@savedauthor=\count292
\c@bookauthor=\count293
\c@savedbookauthor=\count294
\c@commentator=\count295
\c@savedcommentator=\count296
\c@editor=\count297
\c@savededitor=\count298
\c@editora=\count299
\c@savededitora=\count300
\c@editorb=\count301
\c@savededitorb=\count302
\c@editorc=\count303
\c@savededitorc=\count304
\c@foreword=\count305
\c@savedforeword=\count306
\c@holder=\count307
\c@savedholder=\count308
\c@introduction=\count309
\c@savedintroduction=\count310
\c@namea=\count311
\c@savednamea=\count312
\c@nameb=\count313
\c@savednameb=\count314
\c@namec=\count315
\c@savednamec=\count316
\c@translator=\count317
\c@savedtranslator=\count318
\c@shortauthor=\count319
\c@savedshortauthor=\count320
\c@shorteditor=\count321
\c@savedshorteditor=\count322
\c@groupauthor=\count323
\c@savedgroupauthor=\count324
\c@narrator=\count325
\c@savednarrator=\count326
\c@execproducer=\count327
\c@savedexecproducer=\count328
\c@execdirector=\count329
\c@savedexecdirector=\count330
\c@with=\count331
\c@savedwith=\count332
\c@labelname=\count333
\c@savedlabelname=\count334
\c@institution=\count335
\c@savedinstitution=\count336
\c@lista=\count337
\c@savedlista=\count338
\c@listb=\count339
\c@savedlistb=\count340
\c@listc=\count341
\c@savedlistc=\count342
\c@listd=\count343
\c@savedlistd=\count344
\c@liste=\count345
\c@savedliste=\count346
\c@listf=\count347
\c@savedlistf=\count348
\c@location=\count349
\c@savedlocation=\count350
\c@organization=\count351
\c@savedorganization=\count352
\c@origlocation=\count353
\c@savedoriglocation=\count354
\c@origpublisher=\count355
\c@savedorigpublisher=\count356
\c@publisher=\count357
\c@savedpublisher=\count358
\c@language=\count359
\c@savedlanguage=\count360
\c@origlanguage=\count361
\c@savedoriglanguage=\count362
\c@citation=\count363
\c@savedcitation=\count364
\c@pageref=\count365
\c@savedpageref=\count366
\shorthandwidth=\skip57
\shortjournalwidth=\skip58
\shortserieswidth=\skip59
\shorttitlewidth=\skip60
\shortauthorwidth=\skip61
\shorteditorwidth=\skip62
\locallabelnumberwidth=\skip63
\locallabelalphawidth=\skip64
\localshorthandwidth=\skip65
\localshortjournalwidth=\skip66
\localshortserieswidth=\skip67
\localshorttitlewidth=\skip68
\localshortauthorwidth=\skip69
\localshorteditorwidth=\skip70
Package biblatex Info: Trying to load compatibility code...
Package biblatex Info: ... file 'blx-compat.def' found.
 ("C:\Program Files\MiKTeX 2.9\tex/latex/biblatex\blx-compat.def"
File: blx-compat.def 2019/12/01 v3.14 biblatex compatibility (PK/MW)
)
Package biblatex Info: Trying to load generic definitions...
Package biblatex Info: ... file 'biblatex.def' found.
 ("C:\Program Files\MiKTeX 2.9\tex/latex/biblatex\biblatex.def"
File: biblatex.def 2019/12/01 v3.14 biblatex compatibility (PK/MW)
\c@textcitecount=\count367
\c@textcitetotal=\count368
\c@textcitemaxnames=\count369
\c@biburlbigbreakpenalty=\count370
\c@biburlbreakpenalty=\count371
\c@biburlnumpenalty=\count372
\c@biburlucpenalty=\count373
\c@biburllcpenalty=\count374
\biburlbigskip=\muskip17
\biburlnumskip=\muskip18
\biburlucskip=\muskip19
\biburllcskip=\muskip20
\c@smartand=\count375
)
Package biblatex Info: Trying to load bibliography style 'apa'...
Package biblatex Info: ... file 'apa.bbx' found.
 ("C:\Program Files\MiKTeX 2.9\tex/latex/biblatex-apa\apa.bbx"
File: apa.bbx 2020/02/01 v9.5 APA biblatex references style
Package biblatex Info: Trying to load bibliography style 'standard'...
Package biblatex Info: ... file 'standard.bbx' found.
 ("C:\Program Files\MiKTeX 2.9\tex/latex/biblatex/bbx\standard.bbx"
File: standard.bbx 2019/12/01 v3.14 biblatex bibliography style (PK/MW)
\c@bbx:relatedcount=\count376
\c@bbx:relatedtotal=\count377
))
Package biblatex Info: Trying to load citation style 'apa'...
Package biblatex Info: ... file 'apa.cbx' found.
 ("C:\Program Files\MiKTeX 2.9\tex/latex/biblatex-apa\apa.cbx"
File: apa.cbx 2020/02/01 v9.5 APA biblatex citation style
Package biblatex Info: Delimiter 'nameyeardelim' in context '' already defined, overwriting.
Package biblatex Info: Delimiter 'nameyeardelim' in context 'textcite' already defined, overwriting.
Package biblatex Info: Delimiter 'andothersdelim' in context '' already defined, overwriting.
Package biblatex Info: Redefining '\parencite'.
Package biblatex Info: Redefining '\fullcite'.
Package biblatex Info: Redefining '\citeyear'.
Package biblatex Info: Redefining '\cite'.
Package biblatex Info: Redefining '\footcite'.
Package biblatex Info: Redefining '\textcites'.
Package biblatex Info: Redefining '\cites'.
Package biblatex Info: Redefining '\parencites'.
Package biblatex Info: Redefining '\footcites'.
Package biblatex Info: Redefining '\footcitetexts'.
Package biblatex Info: Redefining '\smartcites'.
Package biblatex Info: Redefining '\textcite'.
Package biblatex Info: Redefining '\citeauthor'.
)
Package biblatex Info: Trying to load configuration file...
Package biblatex Info: ... file 'biblatex.cfg' found.
 ("C:\Program Files\MiKTeX 2.9\tex/latex/biblatex\biblatex.cfg"
File: biblatex.cfg 
))
\@quotelevel=\count378
\@quotereset=\count379
 ("C:\Program Files\MiKTeX 2.9\tex/latex/l3backend\l3backend-pdfmode.def"
File: l3backend-pdfmode.def 2020-02-03 L3 backend support: PDF mode
\l__kernel_color_stack_int=\count380
\l__pdf_internal_box=\box45
) ("Notes - reports.aux")
\openout1 = `"Notes - reports.aux"'.

LaTeX Font Info:    Checking defaults for OML/cmm/m/it on input line 30.
LaTeX Font Info:    ... okay on input line 30.
LaTeX Font Info:    Checking defaults for OMS/cmsy/m/n on input line 30.
LaTeX Font Info:    ... okay on input line 30.
LaTeX Font Info:    Checking defaults for OT1/cmr/m/n on input line 30.
LaTeX Font Info:    ... okay on input line 30.
LaTeX Font Info:    Checking defaults for T1/cmr/m/n on input line 30.
LaTeX Font Info:    ... okay on input line 30.
LaTeX Font Info:    Checking defaults for TS1/cmr/m/n on input line 30.
LaTeX Font Info:    ... okay on input line 30.
LaTeX Font Info:    Checking defaults for OMX/cmex/m/n on input line 30.
LaTeX Font Info:    ... okay on input line 30.
LaTeX Font Info:    Checking defaults for U/cmr/m/n on input line 30.
LaTeX Font Info:    ... okay on input line 30.
 ("C:\Program Files\MiKTeX 2.9\tex/context/base/mkii\supp-pdf.mkii"
[Loading MPS to PDF converter (version 2006.09.02).]
\scratchcounter=\count381
\scratchdimen=\dimen137
\scratchbox=\box46
\nofMPsegments=\count382
\nofMParguments=\count383
\everyMPshowfont=\toks15
\MPscratchCnt=\count384
\MPscratchDim=\dimen138
\MPnumerator=\count385
\makeMPintoPDFobject=\count386
\everyMPtoPDFconversion=\toks16
) ("C:\Program Files\MiKTeX 2.9\tex/latex/epstopdf-pkg\epstopdf-base.sty"
Package: epstopdf-base 2020-01-24 v2.11 Base part for package epstopdf
 ("C:\Program Files\MiKTeX 2.9\tex/latex/grfext\grfext.sty"
Package: grfext 2019/12/03 v1.3 Manage graphics extensions (HO)
 ("C:\Program Files\MiKTeX 2.9\tex/generic/kvdefinekeys\kvdefinekeys.sty"
Package: kvdefinekeys 2019-12-19 v1.6 Define keys (HO)
))
Package epstopdf-base Info: Redefining graphics rule for `.eps' on input line 485.
Package grfext Info: Graphics extension search list:
(grfext)             [.pdf,.png,.jpg,.mps,.jpeg,.jbig2,.jb2,.PDF,.PNG,.JPG,.JPEG,.JBIG2,.JB2,.eps]
(grfext)             \AppendGraphicsExtensions on input line 504.
)
Package biblatex Info: Trying to load language 'english' -> 'english-apa'...
Package biblatex Info: ... file 'english-apa.lbx' found.
 ("C:\Program Files\MiKTeX 2.9\tex/latex/biblatex-apa\english-apa.lbx"
File: english-apa.lbx 2020/02/01 v9.5 APA biblatex localisation
Package biblatex Info: Trying to load language 'english'...
Package biblatex Info: ... file 'english.lbx' found.
 ("C:\Program Files\MiKTeX 2.9\tex/latex/biblatex/lbx\english.lbx"
File: english.lbx 2019/12/01 v3.14 biblatex localization (PK/MW)
)
Package biblatex Info: Trying to load language 'american' -> 'american-apa'...
Package biblatex Info: ... file 'american-apa.lbx' found.
 ("C:\Program Files\MiKTeX 2.9\tex/latex/biblatex-apa\american-apa.lbx"
File: american-apa.lbx 2020/02/01 v9.5 APA biblatex localisation
Package biblatex Info: Trying to load language 'american'...
Package biblatex Info: ... file 'american.lbx' found.
 ("C:\Program Files\MiKTeX 2.9\tex/latex/biblatex/lbx\american.lbx"
File: american.lbx 2019/12/01 v3.14 biblatex localization (PK/MW)
Package biblatex Info: Trying to load language 'english'...
Package biblatex Info: ... file 'english.lbx' found.
 ("C:\Program Files\MiKTeX 2.9\tex/latex/biblatex/lbx\english.lbx"
File: english.lbx 2019/12/01 v3.14 biblatex localization (PK/MW)
))))
Package biblatex Info: Input encoding 'utf8' detected.
Package biblatex Info: Automatic encoding selection.
(biblatex)             Assuming data encoding 'utf8'.
\openout3 = `"Notes - reports.bcf"'.

Package biblatex Info: Trying to load bibliographic data...
Package biblatex Info: ... file '"Notes - reports".bbl' found.
 ("Notes - reports.bbl")
Package biblatex Info: Reference section=0 on input line 30.
Package biblatex Info: Reference segment=0 on input line 30.
 [1

{C:/Users/JM/AppData/Local/MiKTeX/2.9/pdftex/config/pdftex.map}] ("Notes - reports.aux")
Package logreq Info: Writing requests to '"Notes - reports".run.xml'.
\openout1 = `"Notes - reports.run.xml"'.

 ) 
Here is how much of TeX's memory you used:
 9251 strings out of 481531
 172880 string characters out of 2922631
 869038 words of memory out of 3000000
 24449 multiletter control sequences out of 15000+200000
 533589 words of font info for 28 fonts, out of 3000000 for 9000
 1141 hyphenation exceptions out of 8191
 47i,4n,49p,872b,4720s stack positions out of 5000i,500n,10000p,200000b,50000s
<C:/Program Files/MiKTeX 2.9/fonts/type1/public/amsfonts/cm/cmbx12.pfb><C:/Program Files/MiKTeX 2.9/fonts/type1/public/amsfonts/cm/cmr10.pfb><C:/Program Files/MiKTeX 2.9/fonts/type1/public/amsfonts/cm/cmti10.pfb>
Output written on "Notes - reports.pdf" (1 page, 41781 bytes).
PDF statistics:
 18 PDF objects out of 1000 (max. 8388607)
 0 named destinations out of 1000 (max. 500000)
 1 words of extra memory for PDF output out of 10000 (max. 10000000)

